2025-09-09T16:17:14.193367578Z    _____                               
2025-09-09T16:17:14.193419709Z   /  _  \ __________ _________   ____  
2025-09-09T16:17:14.193423687Z  /  /_\  \\___   /  |  \_  __ \_/ __ \ 
2025-09-09T16:17:14.193425923Z /    |    \/    /|  |  /|  | \/\  ___/ 
2025-09-09T16:17:14.193427839Z \____|__  /_____ \____/ |__|    \___  >
2025-09-09T16:17:14.193429947Z         \/      \/                  \/ 
2025-09-09T16:17:14.193431824Z A P P   S E R V I C E   O N   L I N U X
2025-09-09T16:17:14.193433596Z 
2025-09-09T16:17:14.193435237Z Documentation: http://aka.ms/webapp-linux
2025-09-09T16:17:14.193436959Z Python 3.12.11
2025-09-09T16:17:14.193438841Z Note: Any data outside '/home' is not persisted
2025-09-09T16:17:24.002796955Z Starting OpenBSD Secure Shell server: sshd.
2025-09-09T16:17:24.063984234Z WEBSITES_INCLUDE_CLOUD_CERTS is not set to true.
2025-09-09T16:17:24.186178646Z Updating certificates in /etc/ssl/certs...
2025-09-09T16:17:51.684241765Z 4 added, 0 removed; done.
2025-09-09T16:17:51.812636464Z Running hooks in /etc/ca-certificates/update.d...
2025-09-09T16:17:51.825021970Z done.
2025-09-09T16:17:51.863109638Z CA certificates copied and updated successfully.
2025-09-09T16:17:52.640881386Z Site's appCommandLine: startup.sh
2025-09-09T16:17:52.649254800Z App command line is a file on disk
2025-09-09T16:17:52.661695818Z Launching oryx with: create-script -appPath /home/site/wwwroot -output /opt/startup/startup.sh -virtualEnvName antenv -defaultApp /opt/defaultsite -userStartupCommand startup.sh
2025-09-09T16:17:52.850045636Z Could not find build manifest file at '/home/site/wwwroot/oryx-manifest.toml'
2025-09-09T16:17:52.851346542Z Could not find operation ID in manifest. Generating an operation id...
2025-09-09T16:17:52.851362165Z Build Operation ID: d82060b2-51f8-4e93-9972-94443d117977
2025-09-09T16:17:53.102379751Z Oryx Version: 0.2.20250709.3, Commit: 0cfb8cb7d114b65e539d2f9ccf9804e87b9966ba, ReleaseTagName: 20250709.3
2025-09-09T16:17:53.121909306Z Writing output script to '/opt/startup/startup.sh'
2025-09-09T16:17:53.333118697Z WARNING: Could not find virtual environment directory /home/site/wwwroot/antenv.
2025-09-09T16:17:53.333145094Z WARNING: Could not find package directory /home/site/wwwroot/__oryx_packages__.
2025-09-09T16:17:53.381986043Z /home/site/wwwroot/startup.sh: line 2: uvicorn: command not found

2025-09-09T16:49:17.160245997Z    _____                               
2025-09-09T16:49:17.160291181Z   /  _  \ __________ _________   ____  
2025-09-09T16:49:17.160294370Z  /  /_\  \\___   /  |  \_  __ \_/ __ \ 
2025-09-09T16:49:17.160296666Z /    |    \/    /|  |  /|  | \/\  ___/ 
2025-09-09T16:49:17.160298620Z \____|__  /_____ \____/ |__|    \___  >
2025-09-09T16:49:17.160301517Z         \/      \/                  \/ 
2025-09-09T16:49:17.160303425Z A P P   S E R V I C E   O N   L I N U X
2025-09-09T16:49:17.160305320Z 
2025-09-09T16:49:17.160306984Z Documentation: http://aka.ms/webapp-linux
2025-09-09T16:49:17.160309128Z Python 3.12.11
2025-09-09T16:49:17.160310890Z Note: Any data outside '/home' is not persisted
2025-09-09T16:49:25.294156970Z Starting OpenBSD Secure Shell server: sshd.
2025-09-09T16:49:25.375076624Z WEBSITES_INCLUDE_CLOUD_CERTS is not set to true.
2025-09-09T16:49:25.475870951Z Updating certificates in /etc/ssl/certs...
2025-09-09T16:49:40.278639739Z 4 added, 0 removed; done.
2025-09-09T16:49:40.278680966Z Running hooks in /etc/ca-certificates/update.d...
2025-09-09T16:49:40.350524818Z done.
2025-09-09T16:49:40.350550027Z CA certificates copied and updated successfully.
2025-09-09T16:49:40.794507805Z Site's appCommandLine: startup.sh
2025-09-09T16:49:40.963032287Z App command line is a file on disk
2025-09-09T16:49:40.963059020Z Launching oryx with: create-script -appPath /home/site/wwwroot -output /opt/startup/startup.sh -virtualEnvName antenv -defaultApp /opt/defaultsite -userStartupCommand startup.sh
2025-09-09T16:49:41.133174825Z Could not find build manifest file at '/home/site/wwwroot/oryx-manifest.toml'
2025-09-09T16:49:41.133207590Z Could not find operation ID in manifest. Generating an operation id...
2025-09-09T16:49:41.133211372Z Build Operation ID: f9860c15-00e1-4aaf-8351-35acc15ef84f
2025-09-09T16:49:41.675760920Z Oryx Version: 0.2.20250709.3, Commit: 0cfb8cb7d114b65e539d2f9ccf9804e87b9966ba, ReleaseTagName: 20250709.3
2025-09-09T16:49:41.697704414Z Writing output script to '/opt/startup/startup.sh'
2025-09-09T16:49:41.829265642Z WARNING: Could not find virtual environment directory /home/site/wwwroot/antenv.
2025-09-09T16:49:41.829441879Z WARNING: Could not find package directory /home/site/wwwroot/__oryx_packages__.
2025-09-09T16:49:41.969895830Z /home/site/wwwroot/startup.sh: line 2: uvicorn: command not found

2025-09-09T17:31:02.458955806Z    _____                               
2025-09-09T17:31:02.459020825Z   /  _  \ __________ _________   ____  
2025-09-09T17:31:02.459024273Z  /  /_\  \\___   /  |  \_  __ \_/ __ \ 
2025-09-09T17:31:02.459026471Z /    |    \/    /|  |  /|  | \/\  ___/ 
2025-09-09T17:31:02.459028493Z \____|__  /_____ \____/ |__|    \___  >
2025-09-09T17:31:02.459030728Z         \/      \/                  \/ 
2025-09-09T17:31:02.459032543Z A P P   S E R V I C E   O N   L I N U X
2025-09-09T17:31:02.459034348Z 
2025-09-09T17:31:02.459035976Z Documentation: http://aka.ms/webapp-linux
2025-09-09T17:31:02.459048122Z Python 3.12.11
2025-09-09T17:31:02.459050813Z Note: Any data outside '/home' is not persisted
2025-09-09T17:31:05.816119566Z Starting OpenBSD Secure Shell server: sshd.
2025-09-09T17:31:05.855427714Z WEBSITES_INCLUDE_CLOUD_CERTS is not set to true.
2025-09-09T17:31:06.067327821Z Updating certificates in /etc/ssl/certs...
2025-09-09T17:31:17.855620611Z 4 added, 0 removed; done.
2025-09-09T17:31:17.855642927Z Running hooks in /etc/ca-certificates/update.d...
2025-09-09T17:31:17.857687230Z done.
2025-09-09T17:31:17.887225194Z CA certificates copied and updated successfully.
2025-09-09T17:31:17.978631715Z Site's appCommandLine: startup.sh
2025-09-09T17:31:17.988701844Z App command line is a file on disk
2025-09-09T17:31:17.998960820Z Launching oryx with: create-script -appPath /home/site/wwwroot -output /opt/startup/startup.sh -virtualEnvName antenv -defaultApp /opt/defaultsite -userStartupCommand startup.sh
2025-09-09T17:31:18.182027037Z Found build manifest file at '/home/site/wwwroot/oryx-manifest.toml'. Deserializing it...
2025-09-09T17:31:18.191772377Z Build Operation ID: 41f5fc0a708d7885
2025-09-09T17:31:18.192517764Z Oryx Version: 0.2.20250709.3, Commit: 0cfb8cb7d114b65e539d2f9ccf9804e87b9966ba, ReleaseTagName: 20250709.3
2025-09-09T17:31:18.229552842Z Output is compressed. Extracting it...
2025-09-09T17:31:18.229591360Z Extracting '/home/site/wwwroot/output.tar.gz' to directory '/tmp/8ddefc4f1f4bec6'...
2025-09-09T17:33:27.880923921Z App path is set to '/tmp/8ddefc4f1f4bec6'
2025-09-09T17:33:28.391272424Z Writing output script to '/opt/startup/startup.sh'
2025-09-09T17:33:28.732656465Z Using packages from virtual environment antenv located at /tmp/8ddefc4f1f4bec6/antenv.
2025-09-09T17:33:28.733620977Z Updated PYTHONPATH to '/opt/startup/app_logs:/tmp/8ddefc4f1f4bec6/antenv/lib/python3.12/site-packages'

2025-09-09T17:38:58.135143076Z    _____                               
2025-09-09T17:38:58.135208082Z   /  _  \ __________ _________   ____  
2025-09-09T17:38:58.135211923Z  /  /_\  \\___   /  |  \_  __ \_/ __ \ 
2025-09-09T17:38:58.135214120Z /    |    \/    /|  |  /|  | \/\  ___/ 
2025-09-09T17:38:58.135216097Z \____|__  /_____ \____/ |__|    \___  >
2025-09-09T17:38:58.135218230Z         \/      \/                  \/ 
2025-09-09T17:38:58.135220065Z A P P   S E R V I C E   O N   L I N U X
2025-09-09T17:38:58.135221955Z 
2025-09-09T17:38:58.135223582Z Documentation: http://aka.ms/webapp-linux
2025-09-09T17:38:58.135225495Z Python 3.12.11
2025-09-09T17:38:58.135227234Z Note: Any data outside '/home' is not persisted
2025-09-09T17:39:04.683570236Z Starting OpenBSD Secure Shell server: sshd.
2025-09-09T17:39:04.715962035Z WEBSITES_INCLUDE_CLOUD_CERTS is not set to true.
2025-09-09T17:39:04.764588224Z Updating certificates in /etc/ssl/certs...
2025-09-09T17:39:25.021621641Z 4 added, 0 removed; done.
2025-09-09T17:39:25.021904940Z Running hooks in /etc/ca-certificates/update.d...
2025-09-09T17:39:25.021913682Z done.
2025-09-09T17:39:25.021916503Z CA certificates copied and updated successfully.
2025-09-09T17:39:25.332315460Z Site's appCommandLine: startup.sh
2025-09-09T17:39:25.352789550Z App command line is a file on disk
2025-09-09T17:39:25.553159919Z Launching oryx with: create-script -appPath /home/site/wwwroot -output /opt/startup/startup.sh -virtualEnvName antenv -defaultApp /opt/defaultsite -userStartupCommand startup.sh
2025-09-09T17:39:25.693958398Z Could not find build manifest file at '/home/site/wwwroot/oryx-manifest.toml'
2025-09-09T17:39:25.693985657Z Could not find operation ID in manifest. Generating an operation id...
2025-09-09T17:39:25.693989113Z Build Operation ID: 6c576494-51c2-4e63-bfb4-178a1c44c6a6
2025-09-09T17:39:25.955530633Z Oryx Version: 0.2.20250709.3, Commit: 0cfb8cb7d114b65e539d2f9ccf9804e87b9966ba, ReleaseTagName: 20250709.3
2025-09-09T17:39:25.957698404Z Writing output script to '/opt/startup/startup.sh'
2025-09-09T17:39:26.056052086Z WARNING: Could not find virtual environment directory /home/site/wwwroot/antenv.
2025-09-09T17:39:26.056079979Z WARNING: Could not find package directory /home/site/wwwroot/__oryx_packages__.
2025-09-09T17:39:26.178480837Z /home/site/wwwroot/startup.sh: line 2: uvicorn: command not found

2025-09-09T17:58:35.121558768Z    _____                               
2025-09-09T17:58:35.121621780Z   /  _  \ __________ _________   ____  
2025-09-09T17:58:35.121625330Z  /  /_\  \\___   /  |  \_  __ \_/ __ \ 
2025-09-09T17:58:35.121627474Z /    |    \/    /|  |  /|  | \/\  ___/ 
2025-09-09T17:58:35.121629521Z \____|__  /_____ \____/ |__|    \___  >
2025-09-09T17:58:35.121631780Z         \/      \/                  \/ 
2025-09-09T17:58:35.121633735Z A P P   S E R V I C E   O N   L I N U X
2025-09-09T17:58:35.121635527Z 
2025-09-09T17:58:35.121637225Z Documentation: http://aka.ms/webapp-linux
2025-09-09T17:58:35.121638954Z Python 3.12.11
2025-09-09T17:58:35.121640656Z Note: Any data outside '/home' is not persisted
2025-09-09T17:58:41.728847928Z Starting OpenBSD Secure Shell server: sshd.
2025-09-09T17:58:41.789617477Z WEBSITES_INCLUDE_CLOUD_CERTS is not set to true.
2025-09-09T17:58:41.901017940Z Updating certificates in /etc/ssl/certs...
2025-09-09T17:58:54.360315563Z 4 added, 0 removed; done.
2025-09-09T17:58:54.360342609Z Running hooks in /etc/ca-certificates/update.d...
2025-09-09T17:58:54.379775041Z done.
2025-09-09T17:58:54.400451425Z CA certificates copied and updated successfully.
2025-09-09T17:58:54.623389021Z Site's appCommandLine: startup.sh
2025-09-09T17:58:54.623416304Z App command line is a file on disk
2025-09-09T17:58:54.623420291Z Launching oryx with: create-script -appPath /home/site/wwwroot -output /opt/startup/startup.sh -virtualEnvName antenv -defaultApp /opt/defaultsite -userStartupCommand startup.sh
2025-09-09T17:58:54.884348734Z Could not find build manifest file at '/home/site/wwwroot/oryx-manifest.toml'
2025-09-09T17:58:54.884381988Z Could not find operation ID in manifest. Generating an operation id...
2025-09-09T17:58:54.884385602Z Build Operation ID: 33f7b05d-73e6-418e-91be-514c775bdbf5
2025-09-09T17:58:55.145201163Z Oryx Version: 0.2.20250709.3, Commit: 0cfb8cb7d114b65e539d2f9ccf9804e87b9966ba, ReleaseTagName: 20250709.3
2025-09-09T17:58:55.167532711Z Writing output script to '/opt/startup/startup.sh'
2025-09-09T17:58:55.206350432Z WARNING: Could not find virtual environment directory /home/site/wwwroot/antenv.
2025-09-09T17:58:55.206368480Z WARNING: Could not find package directory /home/site/wwwroot/__oryx_packages__.
2025-09-09T17:58:55.516916027Z /home/site/wwwroot/startup.sh: line 2: uvicorn: command not found

2025-09-09T18:34:33.648948626Z    _____                               
2025-09-09T18:34:33.649549675Z   /  _  \ __________ _________   ____  
2025-09-09T18:34:33.649558585Z  /  /_\  \\___   /  |  \_  __ \_/ __ \ 
2025-09-09T18:34:33.649560896Z /    |    \/    /|  |  /|  | \/\  ___/ 
2025-09-09T18:34:33.649563280Z \____|__  /_____ \____/ |__|    \___  >
2025-09-09T18:34:33.649565606Z         \/      \/                  \/ 
2025-09-09T18:34:33.649567544Z A P P   S E R V I C E   O N   L I N U X
2025-09-09T18:34:33.649569339Z 
2025-09-09T18:34:33.649570984Z Documentation: http://aka.ms/webapp-linux
2025-09-09T18:34:33.649572773Z Python 3.12.11
2025-09-09T18:34:33.649574580Z Note: Any data outside '/home' is not persisted
2025-09-09T18:34:39.429671678Z Starting OpenBSD Secure Shell server: sshd.
2025-09-09T18:34:39.448730714Z WEBSITES_INCLUDE_CLOUD_CERTS is not set to true.
2025-09-09T18:34:39.508457331Z Updating certificates in /etc/ssl/certs...
2025-09-09T18:34:51.361400933Z 4 added, 0 removed; done.
2025-09-09T18:34:51.371193828Z Running hooks in /etc/ca-certificates/update.d...
2025-09-09T18:34:51.380989979Z done.
2025-09-09T18:34:51.403096602Z CA certificates copied and updated successfully.
2025-09-09T18:34:51.845753549Z Site's appCommandLine: startup.sh
2025-09-09T18:34:51.894054638Z App command line is a file on disk
2025-09-09T18:34:51.894077380Z Launching oryx with: create-script -appPath /home/site/wwwroot -output /opt/startup/startup.sh -virtualEnvName antenv -defaultApp /opt/defaultsite -userStartupCommand startup.sh
2025-09-09T18:34:52.034106716Z Could not find build manifest file at '/home/site/wwwroot/oryx-manifest.toml'
2025-09-09T18:34:52.034823353Z Could not find operation ID in manifest. Generating an operation id...
2025-09-09T18:34:52.035466247Z Build Operation ID: 470c183f-8e2a-423c-9ed3-450733f3bd98
2025-09-09T18:34:52.249054778Z Oryx Version: 0.2.20250709.3, Commit: 0cfb8cb7d114b65e539d2f9ccf9804e87b9966ba, ReleaseTagName: 20250709.3
2025-09-09T18:34:52.356854436Z Writing output script to '/opt/startup/startup.sh'
2025-09-09T18:34:52.356877489Z WARNING: Could not find virtual environment directory /home/site/wwwroot/antenv.
2025-09-09T18:34:52.356957359Z WARNING: Could not find package directory /home/site/wwwroot/__oryx_packages__.
2025-09-09T18:34:52.438095459Z /home/site/wwwroot/startup.sh: line 2: uvicorn: command not found

