2025-09-09T06:23:35.927Z INFO  - Pulling image: mcr.microsoft.com/appsvc/msitokenservice:stage5
2025-09-2025-09-09T06:24:10.883Z INFO  - Starting container for site
2025-09-09T06:24:10.891Z INFO  - docker run -d --expose=8000 --name api-alex-12345_1_037afdab -e WEBSITE_USE_DIAGNOSTIC_SERVER=false -e WEBSITE_SITE_NAME=api-alex-12345 -e WEBSITE_AUTH_ENABLED=False -e WEBSITE_ROLE_INSTANCE_ID=0 -e WEBSITE_HOSTNAME=api-alex-12345.azurewebsites.net -e WEBSITE_INSTANCE_ID=fca8f86e2aee5216a9504a5ef5a82caeab7a80b1093c88842a262c639a933047 appsvc/python:3.12_20250723.2.tuxprod REDACTED
2025-09-09T06:24:10.891Z INFO  - Logging is not enabled for this container.
Please use https://aka.ms/linux-diagnostics to enable logging to see container logs here.
2025-09-09T06:24:16.069Z INFO  - Initiating warmup request to container api-alex-12345_1_037afdab_msiProxy for site api-alex-12345
2025-09-09T06:24:16.149Z INFO  - Container api-alex-12345_1_037afdab_msiProxy for site api-alex-12345 initialized successfully and is ready to serve requests2025-09-09T07:26:38.513Z INFO  - Pulling image: mcr.microsoft.com/appsvc/msitokenservice:stage5
2025-09-09T07:26:40.392Z INFO  - stage5 Pulling from appsvc/msitokenservice
2025-09-09T07:26:40.592Z INFO  -  Digest: sha256:15c4360552ca5d886db18e4eaa6a95993305c67dae381aa8505592cd7c45bd46
2025-09-09T07:26:40.612Z INFO  -  Status: Image is up to date for mcr.microsoft.com/appsvc/msitokenservice:stage5
2025-09-09T07:26:40.813Z INFO  - Pull Image successful, Time taken: 2 Seconds
2025-09-09T07:26:41.186Z INFO  - Starting c2025-09-09T07:27:09.317Z INFO  - Starting container for site
2025-09-09T07:27:09.317Z INFO  - docker run -d --expose=8000 --name api-alex-12345_2_8135b7b4 -e WEBSITE_USE_DIAGNOSTIC_SERVER=false -e WEBSITE_SITE_NAME=api-alex-12345 -e WEBSITE_AUTH_ENABLED=False -e WEBSITE_ROLE_INSTANCE_ID=0 -e WEBSITE_HOSTNAME=api-alex-12345.azurewebsites.net -e WEBSITE_INSTANCE_ID=fca8f86e2aee5216a9504a5ef5a82caeab7a80b1093c88842a262c639a933047 appsvc/python:3.12_20250723.2.tuxprod REDACTED
2025-09-09T07:27:09.317Z INFO  - Logg2025-09-09T13:21:27.895Z INFO  - Pulling image: mcr.microsoft.com/appsvc/msitokenservice:stage5
2025-09-09T13:21:28.468Z INFO  - stage5 Pulling from appsvc/msitokenservice
2025-09-09T13:21:28.489Z INFO  -  Digest: sha256:15c4360552ca5d886db18e4eaa6a95993305c67dae381aa8505592cd7c45bd46
2025-09-09T13:21:28.489Z INFO  -  Status: Image is up to date for mcr.microsoft.com/appsvc/msitokenservice:stage5
2025-09-09T13:21:28.506Z INFO  - Pull Image successful, Time taken: 0 Seconds
2025-09-09T13:21:28.656Z INFO  - Starting container for site
2025-09-09T13:21:28.656Z INFO  - docker run -d --expose=8081 --name api-alex-12345_3_a1c83687_msiProxy -e WEBSITE_ROLE_INSTANCE_ID=0 -e WEBSITE_HOSTNAME=api-alex-12345.azurewebsites.net -e WEBSITE_INSTANCE_ID=fca8f86e2aee5216a9504a5ef5a82caeab7a80b1093c88842a262c639a933047 mcr.microsoft.com/ap2025-09-09T13:21:42.306Z INFO  - Starting container for site
2025-09-09T13:21:42.307Z INFO  - docker run -d --expose=8000 --name api-alex-12345_3_a1c83687 -e WEBSITE_USE_DIAGNOSTIC_SERVER=false -e WEBSIT2025-09-09T13:38:31.861Z INFO  - Pulling image: mcr.microsoft.com/appsvc/msitokenservice:stage5
2025-09-09T13:38:33.059Z INFO  - stage5 Pulling from appsvc/msitokenservice
2025-09-09T13:38:33.098Z INFO  -  Digest: sha256:15c4360552ca5d886db18e4eaa6a95993305c67dae381aa8505592cd7c45bd46
2025-09-09T13:38:33.098Z INFO  -  Status: Image is up to date for mcr.microsoft.com/appsvc/msitokenservice:stage5
2025-09-09T13:38:33.178Z INFO  - Pull Image successful, Time taken: 1 Seconds
2025-09-09T13:38:34.183Z INFO  - Starting container for site
2025-09-09T13:38:34.184Z INFO  - docker run -d --expose=8081 --name api-alex-12345_4_87e5f191_msiProxy -e WEBSITE_ROLE_INSTANCE_ID=0 -e WEBSITE_HOSTNAME=api-alex-12345.azurewebsites.net -e WEBSITE_INSTANCE_ID=fca8f86e2aee5216a9504a5ef5a82caeab7a80b1093c88842a262c639a933047 mcr.microsoft.com/appsvc/msitokenservice:stage5 REDACTED
2025-09-09T13:38:34.184Z INFO  - Logging is not enabled for this container.
Please use https://aka.ms/linux-diagnostics to enable logging to see container logs here.
2025-09-09T14:06:56.469Z INFO  - Pulling image: mcr.microsoft.com/appsvc/msitokenservice:stage5
2025-09-09T14:06:57.353Z INFO  - stage5 Pulling from appsvc/msitokenservice
2025-09-09T14:06:57.373Z INFO  -  Digest: sha256:15c4360552ca5d886db18e4eaa6a95993305c67dae381aa8505592cd7c45bd46
2025-09-09T14:06:57.374Z INFO  -  Status: Image is up to date for mcr.microsoft.com/appsvc/msitokenservice:stage5
2025-09-09T14:06:57.406Z INFO  - Pull Image successful, Time taken: 0 Seconds
2025-09-09T14:06:58.540Z INFO  - Starting container for site
2025-09-09T14:06:58.540Z INFO  - docker run -d --expose=8081 --name api-alex-12345_5_bb53e9a6_msiProxy -e WEBSITE_ROLE_INSTANCE_ID=0 -e WEBSITE_HOSTNAME=api-alex-12345.azurewebsites.net -e WEBSITE_INSTANCE_ID=fca8f86e2aee5216a9504a5ef5a82caeab7a80b1093c88842a262c639a933047 mcr.microsoft.com/appsvc/msitokenservice:stage5 REDACTED
2025-09-09T14:06:58.540Z INFO  - Logging is not enabled for this container.
Please use https://aka.ms/linux-diagnostics to enable logging to see container logs here.
2025-09-09T14:20:29.143Z INFO  - Pulling image: mcr.microsoft.com/appsvc/msitokenservice:stage5
2025-09-09T14:20:29.760Z INFO  - stage5 Pulling from appsvc/msitokenservice
2025-09-09T14:20:29.773Z INFO  -  Digest: sha256:15c4360552ca5d886db18e4eaa6a95993305c67dae381aa8505592cd7c45bd46
2025-09-09T14:20:29.773Z INFO  -  Status: Image is up to date for mcr.microsoft.com/appsvc/msitokenservice:stage5
2025-09-09T14:20:29.794Z INFO  - Pull Image successful, Time taken: 0 Seconds
2025-09-09T14:20:30.009Z INFO  - Starting container for site
2025-09-09T14:20:30.010Z INFO  - docker run -d --expose=8081 --name api-alex-12345_6_4a66be82_msiProxy -e WEBSITE_ROLE_INSTANCE_ID=0 -e WEBSITE_HOSTNAME=api-alex-12345.azurewebsites.net -e WEBSITE_INSTANCE_ID=fca8f86e2aee5216a9504a5ef5a82caeab7a80b1093c88842a262c639a933047 mcr.microsoft.com/appsvc/msitokenservice:stage5 REDACTED
2025-09-09T14:20:30.010Z INFO  - Logging is not enabled for this container.
Please use https://aka.ms/linux-diagnostics to enable logging to see container logs here.
2025-09-09T14:34:01.444Z INFO  - Pulling image: mcr.microsoft.com/appsvc/msitokenservice:stage5
2025-09-09T14:34:02.218Z INFO  - stage5 Pulling from appsvc/msitokenservice
2025-09-09T14:34:02.228Z INFO  -  Digest: sha256:15c4360552ca5d886db18e4eaa6a95993305c67dae381aa8505592cd7c45bd46
2025-09-09T14:34:02.229Z INFO  -  Status: Image is up to date for mcr.microsoft.com/appsvc/msitokenservice:stage5
2025-09-09T14:34:02.270Z INFO  - Pull Image successful, Time taken: 0 Seconds
2025-09-09T14:34:02.500Z INFO  - Starting container for site
2025-09-09T14:34:02.501Z INFO  - docker run -d --expose=8081 --name api-alex-12345_7_e9d4552f_msiProxy -e WEBSITE_ROLE_INSTANCE_ID=0 -e WEBSITE_HOSTNAME=api-alex-12345.azurewebsites.net -e WEBSITE_INSTANCE_ID=fca8f86e2aee5216a9504a5ef5a82caeab7a80b1093c88842a262c639a933047 mcr.microsoft.com/appsvc/msitokenservice:stage5 REDACTED
2025-09-09T14:34:02.501Z INFO  - Logging is not enabled for this container.
Please use https://aka.ms/linux-diagnostics to enable logging to see container logs here.
2025-09-09T14:43:03.232Z INFO  - Pulling image: mcr.microsoft.com/appsvc/msitokenservice:stage5
2025-09-09T14:43:03.936Z INFO  - stage5 Pulling from appsvc/msitokenservice
2025-09-09T14:43:03.972Z INFO  -  Digest: sha256:15c4360552ca5d886db18e4eaa6a95993305c67dae381aa8505592cd7c45bd46
2025-09-09T14:43:03.972Z INFO  -  Status: Image is up to date for mcr.microsoft.com/appsvc/msitokenservice:stage5
2025-09-09T14:43:03.991Z INFO  - Pull Image successful, Time taken: 0 Seconds
2025-09-09T14:43:04.305Z INFO  - Starting container for site
2025-09-09T14:43:04.305Z INFO  - docker run -d --expose=8081 --name api-alex-12345_8_ee9ec2cc_msiProxy -e WEBSITE_ROLE_INSTANCE_ID=0 -e WEBSITE_HOSTNAME=api-alex-12345.azurewebsites.net -e WEBSITE_INSTANCE_ID=fca8f86e2aee5216a9504a5ef5a82caeab7a80b1093c88842a262c639a933047 mcr.microsoft.com/appsvc/msitokenservice:stage5 REDACTED
2025-09-09T14:43:04.305Z INFO  - Logging is not enabled for this container.
Please use https://aka.ms/linux-diagnostics to enable logging to see container logs here.
2025-09-09T14:58:05.097Z INFO  - Pulling image: mcr.microsoft.com/appsvc/msitokenservice:stage5
2025-09-09T14:58:06.244Z INFO  - stage5 Pulling from appsvc/msitokenservice
2025-09-09T14:58:06.313Z INFO  -  Digest: sha256:15c4360552ca5d886db18e4eaa6a95993305c67dae381aa8505592cd7c45bd46
2025-09-09T14:58:06.314Z INFO  -  Status: Image is up to date for mcr.microsoft.com/appsvc/msitokenservice:stage5
2025-09-09T14:58:06.424Z INFO  - Pull Image successful, Time taken: 1 Seconds
2025-09-09T14:58:06.766Z INFO  - Starting container for site
2025-09-09T14:58:06.766Z INFO  - docker run -d --expose=8081 --name api-alex-12345_9_18638a2e_msiProxy -e WEBSITE_ROLE_INSTANCE_ID=0 -e WEBSITE_HOSTNAME=api-alex-12345.azurewebsites.net -e WEBSITE_INSTANCE_ID=fca8f86e2aee5216a9504a5ef5a82caeab7a80b1093c88842a262c639a933047 mcr.microsoft.com/appsvc/msitokenservice:stage5 REDACTED
2025-09-09T14:58:06.766Z INFO  - Logging is not enabled for this container.
Please use https://aka.ms/linux-diagnostics to enable logging to see container logs here.
2025-09-09T15:14:54.840Z INFO  - Pulling image: mcr.microsoft.com/appsvc/msitokenservice:stage5
2025-09-09T15:14:56.974Z INFO  - stage5 Pulling from appsvc/msitokenservice
2025-09-09T15:14:57.072Z INFO  -  Digest: sha256:15c4360552ca5d886db18e4eaa6a95993305c67dae381aa8505592cd7c45bd46
2025-09-09T15:14:57.072Z INFO  -  Status: Image is up to date for mcr.microsoft.com/appsvc/msitokenservice:stage5
2025-09-09T15:14:57.134Z INFO  - Pull Image successful, Time taken: 2 Seconds
2025-09-09T15:14:57.515Z INFO  - Starting container for site
2025-09-09T15:14:57.515Z INFO  - docker run -d --expose=8081 --name api-alex-12345_10_a7994193_msiProxy -e WEBSITE_ROLE_INSTANCE_ID=0 -e WEBSITE_HOSTNAME=api-alex-12345.azurewebsites.net -e WEBSITE_INSTANCE_ID=fca8f86e2aee5216a9504a5ef5a82caeab7a80b1093c88842a262c639a933047 mcr.microsoft.com/appsvc/msitokenservice:stage5 REDACTED
2025-09-09T15:14:57.515Z INFO  - Logging is not enabled for this container.
Please use https://aka.ms/linux-diagnostics to enable logging to see container logs here.
2025-09-09T15:28:28.020Z INFO  - Pulling image: mcr.microsoft.com/appsvc/msitokenservice:stage5
2025-09-09T15:28:28.439Z INFO  - stage5 Pulling from appsvc/msitokenservice
2025-09-09T15:28:28.458Z INFO  -  Digest: sha256:15c4360552ca5d886db18e4eaa6a95993305c67dae381aa8505592cd7c45bd46
2025-09-09T15:28:28.458Z INFO  -  Status: Image is up to date for mcr.microsoft.com/appsvc/msitokenservice:stage5
2025-09-09T15:28:28.477Z INFO  - Pull Image successful, Time taken: 0 Seconds
2025-09-09T15:28:28.709Z INFO  - Starting container for site
2025-09-09T15:28:28.709Z INFO  - docker run -d --expose=8081 --name api-alex-12345_11_f9c801d2_msiProxy -e WEBSITE_ROLE_INSTANCE_ID=0 -e WEBSITE_HOSTNAME=api-alex-12345.azurewebsites.net -e WEBSITE_INSTANCE_ID=fca8f86e2aee5216a9504a5ef5a82caeab7a80b1093c88842a262c639a933047 mcr.microsoft.com/appsvc/msitokenservice:stage5 REDACTED
2025-09-09T15:28:28.709Z INFO  - Logging is not enabled for this container.
Please use https://aka.ms/linux-diagnostics to enable logging to see container logs here.
2025-09-09T15:44:31.352Z INFO  - Pulling image: mcr.microsoft.com/appsvc/msitokenservice:stage5
2025-09-09T15:44:32.306Z INFO  - stage5 Pulling from appsvc/msitokenservice
2025-09-09T15:44:32.318Z INFO  -  Digest: sha256:15c4360552ca5d886db18e4eaa6a95993305c67dae381aa8505592cd7c45bd46
2025-09-09T15:44:32.326Z INFO  -  Status: Image is up to date for mcr.microsoft.com/appsvc/msitokenservice:stage5
2025-09-09T15:44:32.427Z INFO  - Pull Image successful, Time taken: 1 Seconds
2025-09-09T15:44:32.781Z INFO  - Starting container for site
2025-09-09T15:44:32.781Z INFO  - docker run -d --expose=8081 --name api-alex-12345_12_645d473e_msiProxy -e WEBSITE_ROLE_INSTANCE_ID=0 -e WEBSITE_HOSTNAME=api-alex-12345.azurewebsites.net -e WEBSITE_INSTANCE_ID=fca8f86e2aee5216a9504a5ef5a82caeab7a80b1093c88842a262c639a933047 mcr.microsoft.com/appsvc/msitokenservice:stage5 REDACTED
2025-09-09T15:44:32.781Z INFO  - Logging is not enabled for this container.
Please use https://aka.ms/linux-diagnostics to enable logging to see container logs here.
2025-09-09T15:59:05.992Z INFO  - Pulling image: mcr.microsoft.com/appsvc/msitokenservice:stage5
2025-09-09T15:59:06.977Z INFO  - stage5 Pulling from appsvc/msitokenservice
2025-09-09T15:59:07.008Z INFO  -  Digest: sha256:15c4360552ca5d886db18e4eaa6a95993305c67dae381aa8505592cd7c45bd46
2025-09-09T15:59:07.009Z INFO  -  Status: Image is up to date for mcr.microsoft.com/appsvc/msitokenservice:stage5
2025-09-09T15:59:07.039Z INFO  - Pull Image successful, Time taken: 1 Seconds
2025-09-09T15:59:07.370Z INFO  - Starting container for site
2025-09-09T15:59:07.370Z INFO  - docker run -d --expose=8081 --name api-alex-12345_13_f1d05105_msiProxy -e WEBSITE_ROLE_INSTANCE_ID=0 -e WEBSITE_HOSTNAME=api-alex-12345.azurewebsites.net -e WEBSITE_INSTANCE_ID=fca8f86e2aee5216a9504a5ef5a82caeab7a80b1093c88842a262c639a933047 mcr.microsoft.com/appsvc/msitokenservice:stage5 REDACTED
2025-09-09T15:59:07.370Z INFO  - Logging is not enabled for this container.
Please use https://aka.ms/linux-diagnostics to enable logging to see container logs here.
2025-09-09T16:16:40.821Z INFO  - Pulling image: mcr.microsoft.com/appsvc/msitokenservice:stage5
2025-09-09T16:16:42.751Z INFO  - stage5 Pulling from appsvc/msitokenservice
2025-09-09T16:16:42.804Z INFO  -  Digest: sha256:15c4360552ca5d886db18e4eaa6a95993305c67dae381aa8505592cd7c45bd46
2025-09-09T16:16:42.832Z INFO  -  Status: Image is up to date for mcr.microsoft.com/appsvc/msitokenservice:stage5
2025-09-09T16:16:42.914Z INFO  - Pull Image successful, Time taken: 2 Seconds
2025-09-09T16:16:44.149Z INFO  - Starting container for site
2025-09-09T16:16:44.149Z INFO  - docker run -d --expose=8081 --name api-alex-12345_14_1e5e0871_msiProxy -e WEBSITE_ROLE_INSTANCE_ID=0 -e WEBSITE_HOSTNAME=api-alex-12345.azurewebsites.net -e WEBSITE_INSTANCE_ID=fca8f86e2aee5216a9504a5ef5a82caeab7a80b1093c88842a262c639a933047 mcr.microsoft.com/appsvc/msitokenservice:stage5 REDACTED
2025-09-09T16:16:44.149Z INFO  - Logging is not enabled for this container.
Please use https://aka.ms/linux-diagnostics to enable logging to see container logs here.
5Z INFO  - Waiting for response to warmup request for container api-alex-12345_9_18638a2e. Elapsed time = 38.1836988 sec
2025-09-09T14:59:30.009Z INFO  - Waiting for response to warmup request for container api-alex-12345_9_18638a2e. Elapsed time = 57.1074032 sec
2025-09-09T14:59:46.735Z INFO  - Waiting for response to warmup request for container api-alex-12345_9_18638a2e. Elapsed time = 73.8336362 sec
2025-09-09T15:00:03.707Z INFO  - Waiting for response to warmup request for container api-alex-12345_9_18638a2e. Elapsed time = 90.8055529 sec
2025-09-09T15:00:16.497Z INFO  - Container api-alex-12345_9_18638a2e for site api-alex-12345 initialized successfully and is ready to serve requests.
2025-09-09T15:15:14.956Z INFO  - Starting container for site
2025-09-09T15:15:14.964Z INFO  - docker run -d --expose=8000 --name api-alex-12345_10_a7994193 -e WEBSITE_USE_DIAGNOSTIC_SERVER=false -e WEBSITE_SITE_NAME=api-alex-12345 -e WEBSITE_AUTH_ENABLED=False -e WEBSITE_ROLE_INSTANCE_ID=0 -e WEBSITE_HOSTNAME=api-alex-12345.azurewebsites.net -e WEBSITE_INSTANCE_ID=fca8f86e2aee5216a9504a5ef5a82caeab7a80b1093c88842a262c639a933047 appsvc/python:3.12_20250723.2.tuxprod REDACTED
2025-09-09T15:15:14.964Z INFO  - Logging is not enabled for this container.
Please use https://aka.ms/linux-diagnostics to enable logging to see container logs here.
2025-09-09T15:15:17.922Z INFO  - Initiating warmup request to container api-alex-12345_10_a7994193_msiProxy for site api-alex-12345
2025-09-09T15:15:17.970Z INFO  - Container api-alex-12345_10_a7994193_msiProxy for site api-alex-12345 initialized successfully and is ready to serve requests.
2025-09-09T15:15:17.971Z INFO  - Initiating warmup request to container api-alex-12345_10_a7994193 for site api-alex-12345
2025-09-09T15:15:39.127Z INFO  - Waiting for response to warmup request for container api-alex-12345_10_a7994193. Elapsed time = 21.2061333 sec
2025-09-09T15:16:00.411Z INFO  - Waiting for response to warmup request for container api-alex-12345_10_a7994193. Elapsed time = 42.4896067 sec
2025-09-09T15:16:18.741Z INFO  - Waiting for response to warmup request for container api-alex-12345_10_a7994193. Elapsed time = 60.8193175 sec
2025-09-09T15:16:36.071Z INFO  - Waiting for response to warmup request for container api-alex-12345_10_a7994193. Elapsed time = 78.1502345 sec
2025-09-09T15:16:52.669Z INFO  - Waiting for response to warmup request for container api-alex-12345_10_a7994193. Elapsed time = 94.7476768 sec
2025-09-09T15:17:10.856Z INFO  - Waiting for response to warmup request for container api-alex-12345_10_a7994193. Elapsed time = 112.9351932 sec
2025-09-09T15:17:28.408Z INFO  - Waiting for response to warmup request for container api-alex-12345_10_a7994193. Elapsed time = 130.4863148 sec
2025-09-09T15:17:46.133Z INFO  - Waiting for response to warmup request for container api-alex-12345_10_a7994193. Elapsed time = 148.2113478 sec
2025-09-09T15:17:49.473Z INFO  - Container api-alex-12345_10_a7994193 for site api-alex-12345 initialized successfully and is ready to serve requests.
2025-09-09T15:28:42.698Z INFO  - Starting container for site
2025-09-09T15:28:42.701Z INFO  - docker run -d --expose=8000 --name api-alex-12345_11_f9c801d2 -e WEBSITE_USE_DIAGNOSTIC_SERVER=false -e WEBSITE_SITE_NAME=api-alex-12345 -e WEBSITE_AUTH_ENABLED=False -e WEBSITE_ROLE_INSTANCE_ID=0 -e WEBSITE_HOSTNAME=api-alex-12345.azurewebsites.net -e WEBSITE_INSTANCE_ID=fca8f86e2aee5216a9504a5ef5a82caeab7a80b1093c88842a262c639a933047 appsvc/python:3.12_20250723.2.tuxprod REDACTED
2025-09-09T15:28:42.701Z INFO  - Logging is not enabled for this container.
Please use https://aka.ms/linux-diagnostics to enable logging to see container logs here.
2025-09-09T15:28:45.481Z INFO  - Initiating warmup request to container api-alex-12345_11_f9c801d2_msiProxy for site api-alex-12345
2025-09-09T15:28:45.551Z INFO  - Container api-alex-12345_11_f9c801d2_msiProxy for site api-alex-12345 initialized successfully and is ready to serve requests.
2025-09-09T15:28:45.551Z INFO  - Initiating warmup request to container api-alex-12345_11_f9c801d2 for site api-alex-12345
2025-09-09T15:29:02.678Z INFO  - Waiting for response to warmup request for container api-alex-12345_11_f9c801d2. Elapsed time = 17.1975349 sec
2025-09-09T15:29:19.979Z INFO  - Waiting for response to warmup request for container api-alex-12345_11_f9c801d2. Elapsed time = 34.4981797 sec
2025-09-09T15:29:36.531Z INFO  - Waiting for response to warmup request for container api-alex-12345_11_f9c801d2. Elapsed time = 51.0505639 sec
2025-09-09T15:29:53.187Z INFO  - Waiting for response to warmup request for container api-alex-12345_11_f9c801d2. Elapsed time = 67.7060064 sec
2025-09-09T15:30:09.958Z INFO  - Waiting for response to warmup request for container api-alex-12345_11_f9c801d2. Elapsed time = 84.4775484 sec
2025-09-09T15:30:25.222Z INFO  - Container api-alex-12345_11_f9c801d2 for site api-alex-12345 initialized successfully and is ready to serve requests.
2025-09-09T15:44:50.009Z INFO  - Starting container for site
2025-09-09T15:44:50.010Z INFO  - docker run -d --expose=8000 --name api-alex-12345_12_645d473e -e WEBSITE_USE_DIAGNOSTIC_SERVER=false -e WEBSITE_SITE_NAME=api-alex-12345 -e WEBSITE_AUTH_ENABLED=False -e WEBSITE_ROLE_INSTANCE_ID=0 -e WEBSITE_HOSTNAME=api-alex-12345.azurewebsites.net -e WEBSITE_INSTANCE_ID=fca8f86e2aee5216a9504a5ef5a82caeab7a80b1093c88842a262c639a933047 appsvc/python:3.12_20250723.2.tuxprod REDACTED
2025-09-09T15:44:50.010Z INFO  - Logging is not enabled for this container.
Please use https://aka.ms/linux-diagnostics to enable logging to see container logs here.
2025-09-09T15:44:54.929Z INFO  - Initiating warmup request to container api-alex-12345_12_645d473e_msiProxy for site api-alex-12345
2025-09-09T15:44:54.983Z INFO  - Container api-alex-12345_12_645d473e_msiProxy for site api-alex-12345 initialized successfully and is ready to serve requests.
2025-09-09T15:44:54.983Z INFO  - Initiating warmup request to container api-alex-12345_12_645d473e for site api-alex-12345
2025-09-09T15:45:12.756Z INFO  - Waiting for response to warmup request for container api-alex-12345_12_645d473e. Elapsed time = 17.8335111 sec
2025-09-09T15:45:36.074Z INFO  - Waiting for response to warmup request for container api-alex-12345_12_645d473e. Elapsed time = 41.1519086 sec
2025-09-09T15:45:55.749Z INFO  - Waiting for response to warmup request for container api-alex-12345_12_645d473e. Elapsed time = 60.8264342 sec
2025-09-09T15:46:15.956Z INFO  - Waiting for response to warmup request for container api-alex-12345_12_645d473e. Elapsed time = 81.0337597 sec
2025-09-09T15:46:35.025Z INFO  - Waiting for response to warmup request for container api-alex-12345_12_645d473e. Elapsed time = 100.1024331 sec
2025-09-09T15:46:51.896Z INFO  - Waiting for response to warmup request for container api-alex-12345_12_645d473e. Elapsed time = 116.9737025 sec
2025-09-09T15:47:17.079Z INFO  - Waiting for response to warmup request for container api-alex-12345_12_645d473e. Elapsed time = 142.1573427 sec
2025-09-09T15:47:36.754Z INFO  - Waiting for response to warmup request for container api-alex-12345_12_645d473e. Elapsed time = 161.8320146 sec
2025-09-09T15:47:55.637Z INFO  - Waiting for response to warmup request for container api-alex-12345_12_645d473e. Elapsed time = 180.7147135 sec
2025-09-09T15:48:13.836Z INFO  - Waiting for response to warmup request for container api-alex-12345_12_645d473e. Elapsed time = 198.914295 sec
2025-09-09T15:48:31.347Z INFO  - Waiting for response to warmup request for container api-alex-12345_12_645d473e. Elapsed time = 216.4247522 sec
2025-09-09T15:48:38.156Z INFO  - Container api-alex-12345_12_645d473e for site api-alex-12345 initialized successfully and is ready to serve requests.
2025-09-09T15:59:22.753Z INFO  - Starting container for site
2025-09-09T15:59:22.762Z INFO  - docker run -d --expose=8000 --name api-alex-12345_13_f1d05105 -e WEBSITE_USE_DIAGNOSTIC_SERVER=false -e WEBSITE_SITE_NAME=api-alex-12345 -e WEBSITE_AUTH_ENABLED=False -e WEBSITE_ROLE_INSTANCE_ID=0 -e WEBSITE_HOSTNAME=api-alex-12345.azurewebsites.net -e WEBSITE_INSTANCE_ID=fca8f86e2aee5216a9504a5ef5a82caeab7a80b1093c88842a262c639a933047 appsvc/python:3.12_20250723.2.tuxprod REDACTED
2025-09-09T15:59:22.762Z INFO  - Logging is not enabled for this container.
Please use https://aka.ms/linux-diagnostics to enable logging to see container logs here.
2025-09-09T15:59:25.680Z INFO  - Initiating warmup request to container api-alex-12345_13_f1d05105_msiProxy for site api-alex-12345
2025-09-09T15:59:25.744Z INFO  - Container api-alex-12345_13_f1d05105_msiProxy for site api-alex-12345 initialized successfully and is ready to serve requests.
2025-09-09T15:59:25.745Z INFO  - Initiating warmup request to container api-alex-12345_13_f1d05105 for site api-alex-12345
2025-09-09T15:59:42.801Z INFO  - Waiting for response to warmup request for container api-alex-12345_13_f1d05105. Elapsed time = 17.1683318 sec
2025-09-09T16:00:00.160Z INFO  - Waiting for response to warmup request for container api-alex-12345_13_f1d05105. Elapsed time = 34.5264899 sec
2025-09-09T16:00:19.870Z INFO  - Waiting for response to warmup request for container api-alex-12345_13_f1d05105. Elapsed time = 54.2369636 sec
2025-09-09T16:00:37.133Z INFO  - Waiting for response to warmup request for container api-alex-12345_13_f1d05105. Elapsed time = 71.4997587 sec
2025-09-09T16:00:55.496Z INFO  - Waiting for response to warmup request for container api-alex-12345_13_f1d05105. Elapsed time = 89.8630887 sec
2025-09-09T16:01:12.288Z INFO  - Waiting for response to warmup request for container api-alex-12345_13_f1d05105. Elapsed time = 106.6547067 sec
2025-09-09T16:01:30.317Z INFO  - Waiting for response to warmup request for container api-alex-12345_13_f1d05105. Elapsed time = 124.6843638 sec
2025-09-09T16:01:47.553Z INFO  - Waiting for response to warmup request for container api-alex-12345_13_f1d05105. Elapsed time = 141.9200636 sec
2025-09-09T16:02:04.695Z INFO  - Container api-alex-12345_13_f1d05105 for site api-alex-12345 initialized successfully and is ready to serve requests.
2025-09-09T16:17:11.933Z INFO  - Starting container for site
2025-09-09T16:17:11.942Z INFO  - docker run -d --expose=8000 --name api-alex-12345_14_1e5e0871 -e WEBSITE_USE_DIAGNOSTIC_SERVER=false -e WEBSITE_SITE_NAME=api-alex-12345 -e WEBSITE_AUTH_ENABLED=False -e WEBSITE_ROLE_INSTANCE_ID=0 -e WEBSITE_HOSTNAME=api-alex-12345.azurewebsites.net -e WEBSITE_INSTANCE_ID=fca8f86e2aee5216a9504a5ef5a82caeab7a80b1093c88842a262c639a933047 appsvc/python:3.12_20250723.2.tuxprod REDACTED
2025-09-09T16:17:11.942Z INFO  - Logging is not enabled for this container.
Please use https://aka.ms/linux-diagnostics to enable logging to see container logs here.
2025-09-09T16:17:17.982Z INFO  - Initiating warmup request to container api-alex-12345_14_1e5e0871_msiProxy for site api-alex-12345
2025-09-09T16:17:18.546Z INFO  - Container api-alex-12345_14_1e5e0871_msiProxy for site api-alex-12345 initialized successfully and is ready to serve requests.
2025-09-09T16:17:18.546Z INFO  - Initiating warmup request to container api-alex-12345_14_1e5e0871 for site api-alex-12345
2025-09-09T16:17:38.278Z INFO  - Waiting for response to warmup request for container api-alex-12345_14_1e5e0871. Elapsed time = 20.2961069 sec
2025-09-09T16:17:55.605Z ERROR - Container api-alex-12345_14_1e5e0871 for site api-alex-12345 is not running, failing site start
2025-09-09T16:17:55.838Z ERROR - Container api-alex-12345_14_1e5e0871 didn't respond to HTTP pings on port: 8000. Failing site start. See container logs for debugging.
2025-09-09T16:29:51.201Z INFO  - Starting container for site
2025-09-09T16:29:51.203Z INFO  - docker run -d --expose=8000 --name api-alex-12345_0_0dd2fbeb -e WEBSITE_USE_DIAGNOSTIC_SERVER=false -e WEBSITE_SITE_NAME=api-alex-12345 -e WEBSITE_AUTH_ENABLED=False -e WEBSITE_ROLE_INSTANCE_ID=0 -e WEBSITE_HOSTNAME=api-alex-12345.azurewebsites.net -e WEBSITE_INSTANCE_ID=fca8f86e2aee5216a9504a5ef5a82caeab7a80b1093c88842a262c639a933047 appsvc/python:3.12_20250723.2.tuxprod REDACTED
2025-09-09T16:29:51.204Z INFO  - Logging is not enabled for this container.
Please use https://aka.ms/linux-diagnostics to enable logging to see container logs here.
2025-09-09T16:29:54.098Z INFO  - Initiating warmup request to container api-alex-12345_0_0dd2fbeb_msiProxy for site api-alex-12345
2025-09-09T16:29:54.200Z INFO  - Container api-alex-12345_0_0dd2fbeb_msiProxy for site api-alex-12345 initialized successfully and is ready to serve requests.
2025-09-09T16:29:54.209Z INFO  - Initiating warmup request to container api-alex-12345_0_0dd2fbeb for 2025-09-09T16:48:43.096Z INFO  - Pulling image: mcr.microsoft.com/appsvc/msitokenservice:stage5
2025-09-09T16:48:45.957Z INFO  - stage5 Pulling from appsvc/msitokenservice
2025-09-09T16:48:46.037Z INFO  -  Digest: sha256:15c4360552ca5d886db18e4eaa6a95993305c67dae381aa8505592cd7c45bd46
2025-09-09T16:48:46.037Z INFO  -  Status: Image is up to date for mcr.microsoft.com/appsvc/msitokenservice:stage5
2025-09-09T16:48:46.963Z INFO  - Pull Image successful, Time taken: 3 Seconds
2025-09-09T16:48:47.748Z INFO  - Starting container for site
2025-09-09T16:48:47.756Z INFO  - docker run -d --expose=8081 --name api-alex-12345_1_b10aca93_msiProxy -e WEBSITE_ROLE_INSTANCE_ID=0 -e WEBSITE_HOSTNAME=api-alex-12345.azurewebsites.net -e WEBSITE_INSTANCE_ID=fca8f86e2aee5216a9504a5ef5a82caeab7a80b1093c88842a262c639a933047 mcr.microsoft.com/appsvc/msitokenservice:stage5 REDACTED
2025-09-09T16:42025-09-09T16:49:13.341Z INFO  - Starting container for site
2025-09-09T16:49:13.351Z INFO  - docker run -d --expose=8000 --name api-alex-12345_1_b10aca93 -e WEBSITE_USE_DIAGNOSTIC_SERVER=false -e WEBSITE_SITE_NAME=api-alex-12345 -e WEBSITE_AUTH_ENABLED=False -e WEBSITE_ROLE_INSTANCE_ID=0 -e WEBSITE_HOSTNAME=api-alex-12345.azurewebsites.net -e WEBSITE_INSTANCE_ID=fca8f86e2aee5216a9504a5ef5a82caeab7a80b1093c88842a262c639a933047 appsvc/python:3.12_20250723.2.tuxprod REDACTED
2025-09-09T16:49:13.369Z INFO  - Logging is not enabled for this container.
Please use https://aka.ms/linux-diagnostics to enable logging to see container logs here.
2025-09-09T16:49:19.079Z INFO  - Initiating warmup request to container api-alex-12345_1_b10aca93_msiProxy for site api-alex-12345
2025-09-09T16:49:19.231Z INFO  - Container api-alex-12345_1_b10aca93_msiProxy for site api-alex-12345 initialized successfully and is ready to serve requests.
2025-09-09T16:49:19.231Z INFO  - Initiating warmup request to container api-alex-12345_1_b10aca93 for site api-alex-12345
2025-09-09T16:49:37.130Z INFO  - Waiting for response to warmup request for container api-alex-12345_1_b10aca93. Elapsed time = 18.0603612 sec
2025-09-09T16:49:43.527Z ERROR - Container api-alex-12345_1_b10aca93 for site api-alex-12345 has exited, failing site start
2025-09-09T16:49:43.746Z ERROR - Container api-alex-12345_1_b10aca93 didn't respond to HTTP pings on port: 8000. Failing site start. See container logs for debugging.
2025-09-09T17:01:17.571Z INFO  - Starting container for site
2025-09-09T17:01:17.573Z INFO  - docker run -d --expose=8000 --name api-alex-12345_0_cbfd59ca -e WEBSITE_USE_DIAGNOSTIC_SERVER=false -e WEBSITE_SITE_NAME=api-alex-12345 -e WEBSITE_AUTH_ENABLED=False -e WEBSITE_ROLE_INSTANCE_ID=0 -e WEBSITE_HOSTNAME=api-alex-12345.azurewebsites.net -e WEBSITE_INSTANCE_ID=fca8f86e2aee5216a9504a5ef5a82caeab7a80b1093c88842a262c639a933047 appsvc/python:3.12_20250723.2.tuxprod REDACTED
2025-09-09T17:01:17.574Z INFO  - Logging is not enabled for this container.
Please use https://aka.ms/linux-diagnostics to enable logging to see container logs here.
2025-09-09T17:01:20.521Z INFO  - Initiating warmup request to container api-alex-12345_0_cbfd59ca_msiProxy for site api-alex-12345
2025-09-09T17:01:20.662Z INFO  - Container api-alex-12345_0_cbfd59ca_msiProxy for site api-alex-12345 initialized successfully and is ready to serve requests.
2025-09-09T17:01:20.670Z INFO  - Initiating warmup request to container api-alex-12345_0_cbfd59ca for 2025-09-09T17:11:29.887Z INFO  - Pulling image: mcr.microsoft.com/appsvc/msitokenservice:stage5
2025-09-09T17:11:31.628Z INFO  - stage5 Pulling from appsvc/msitokenservice
2025-09-09T17:11:31.650Z INFO  -  Digest: sha256:15c4360552ca5d886db18e4eaa6a95993305c67dae381aa8505592cd7c45bd46
2025-09-09T17:11:31.659Z INFO  -  Status: Image is up to date for mcr.microsoft.com/appsvc/msitokenservice:stage5
2025-09-09T17:11:31.700Z INFO  - Pull Image successful, Time taken: 1 Seconds
2025-09-09T17:11:32.173Z INFO  - Starting container for site
2025-09-09T17:11:32.181Z INFO  - docker run -d --expose=8081 --name api-alex-12345_1_5a78a527_msiProxy -e WEBSITE_ROLE_INSTANCE_ID=0 -e WEBSITE_HOSTNAME=api-alex-12345.azurewebsites.net -e WEBSITE_INSTANCE_ID=fca8f86e2aee5216a9504a5ef5a82caeab7a80b1093c88842a262c639a933047 mcr.microsoft.com/appsvc/msitokenservice:stage5 REDACTED
2025-09-09T17:11:32.201Z INFO  - Logging is not enabled for this container.
Please use https://aka.ms/linux-diagnostics to enable logging to see container logs here.
9T17:11:29.357Z INFO  - Recycling container because of AppSettingsChange and isMainSite = True
2025-09-09T17:12:01.824Z INFO  - Starting container for site
2025-09-09T17:12:01.844Z INFO  - docker run -d --expose=8000 --name api-alex-12345_1_5a78a527 -e WEBSITE_USE_DIAGNOSTIC_SERVER=false -e WEBSITE_SITE_NAME=api-alex-12345 -e WEBSITE_AUTH_ENABLED=False -e WEBSITE_ROLE_INSTANCE_ID=0 -e WEBSITE_HOSTNAME=api-alex-12345.azurewebsites.net -e WEBSITE_INSTANCE_ID=fca8f86e2aee5216a9504a5ef5a82caeab7a80b1093c88842a262c639a933047 appsvc/python:3.12_20250723.2.tuxprod REDACTED
2025-09-09T17:12:01.845Z INFO  - Logging is not enabled for this container.
Please use https://aka.ms/linux-diagnostics to enable logging to see container logs here.
2025-09-09T17:12:10.335Z INFO  - Initiating warmup request to container api-alex-12345_1_5a78a527_msiProxy for site api-alex-12345
2025-09-09T17:12:10.495Z INFO  - Container api-alex-12345_1_5a78a527_msiProxy for site api-alex-12345 initialized successfully and is ready to serve requests.
2025-09-09T17:12:10.504Z INFO  - Initiating warmup request to container api-alex-12345_1_5a78a527 for site api-alex-12345
2025-09-09T17:12:29.631Z INFO  - Waiting for response to warmup request for container api-alex-12345_1_5a78a527. Elapsed time = 19.295753 sec
2025-09-09T17:12:49.634Z INFO  - Waiting for response to warmup request for container api-alex-12345_1_5a78a527. Elapsed time = 39.2988541 sec
2025-09-09T17:13:07.481Z INFO  - Waiting for response to warmup request for container api-alex-12345_1_5a78a527. Elapsed time = 57.1456132 sec
2025-09-09T17:13:25.234Z INFO  - Waiting for response to warmup request for container api-alex-12345_1_5a78a527. Elapsed time = 74.8988287 sec
2025-09-09T17:13:42.450Z INFO  - Waiting for response to warmup request for container api-alex-12345_1_5a78a527. Elapsed time = 92.1146977 sec
2025-09-09T17:14:02.072Z INFO  - Waiting for response to warmup request for container api-alex-12345_1_5a78a527. Elapsed time = 111.7372306 sec
2025-09-09T17:21:34.712Z INFO  - 

iting for response to warmup request for container api-alex-12345_1_5a78a527. Elapsed time = 129.7159345 sec
2025-09-09T17:14:37.194Z INFO  - Waiting for response to warmup request for container api-alex-12345_1_5a78a527. Elapsed time = 146.8591772 sec
2025-09-09T17:14:55.116Z INFO  - Waiting for response to warmup request for container api-alex-12345_1_5a78a527. Elapsed time = 164.7803935 sec
2025-09-09T17:15:11.148Z INFO  - Waiting for response to warmup request for container api-alex-12345_1_5a78a527. Elapsed time = 180.8123208 sec
2025-09-09T17:15:18.207Z INFO  - Container api-alex-12345_1_5a78a527 for site api-alex-12345 initialized successfully and is ready to serve requests.
2025-09-09T17:15:56.309Z INFO  - Starting container for site
2025-09-09T17:15:56.337Z INFO  - docker run -d --expose=8000 --name api-alex-12345_2_ebeae4b4 -e WEBSITE_USE_DIAGNOSTIC_SERVER=false -e WEBSITE_SITE_NAME=api-alex-12345 -e WEBSITE_AUTH_ENABLED=False -e WEBSITE_ROLE_INSTANCE_ID=0 -e WEBSITE_HOSTNAME=api-alex-12345.azurewebsites.net -e WEBSITE_INSTANCE_ID=fca8f86e2aee5216a9504a5ef5a82caeab7a80b1093c88842a262c639a933047 appsvc/python:3.12_20250723.2.tuxprod REDACTED
2025-09-09T17:15:56.338Z INFO  - Logging is not enabled for this container.
Please use https://aka.ms/linux-diagnostics to enable logging to see container logs here.
2025-09-09T17:16:07.390Z INFO  - Initiating warmup request to container api-alex-12345_2_ebeae4b4_msiProxy for site api-alex-12345
2025-09-09T17:16:07.842Z INFO  - Container api-alex-12345_2_ebeae4b4_msiProxy for site api-alex-12345 initialized successfully and is ready to serve requests.
2025-09-09T17:16:07.850Z INFO  - Initiating warmup request to container api-alex-12345_2_ebeae4b4 for 2025-09-09T17:30:40.034Z INFO  - Pulling image: mcr.microsoft.com/appsvc/msitokenservice:stage5
2025-09-09T17:30:41.131Z INFO  - stage5 Pulling from appsvc/msitokenservice
2025-09-09T17:30:41.181Z INFO  -  Digest: sha256:15c4360552ca5d886db18e4eaa6a95993305c67dae381aa8505592cd7c45bd46
2025-09-09T17:30:41.188Z INFO  -  Status: Image is up to date for mcr.microsoft.com/appsvc/msitokenservice:stage5
2025-09-09T17:30:41.229Z INFO  - Pull Image successful, Time taken: 1 Seconds
2025-09-09T17:30:42.215Z INFO  - Starting container for site
2025-09-09T17:30:42.223Z INFO  - docker run -d --expose=8081 --name api-alex-12345_3_1e55fd07_msiProxy -e WEBSITE_ROLE_INSTANCE_ID=0 -e WEBSITE_HOSTNAME=api-alex-12345.azurewebsites.net -e WEBSITE_INSTANCE_ID=fca8f86e2aee5216a9504a5ef5a82caeab7a80b1093c88842a262c639a933047 mcr.microsoft.com/appsvc/msitokenservice:stage5 REDACTED
2025-09-09T17:30:42.225Z INFO  - Logging is not enabled for this container.
Please use https://aka.ms/linux-diagnostics to enable logging to see container logs here.
7:18:52.291Z INFO  - Waiting for response to warmup request for container api-alex-12345_2_ebeae4b4. Elapsed time = 164.9005553 sec
2025-09-09T17:19:09.368Z INFO  - Waiting for response to warmup request for container api-alex-12345_2_ebeae4b4. Elapsed time = 181.9777171 sec
2025-09-09T17:19:27.595Z INFO  - Waiting for response to warmup request for container api-alex-12345_2_ebeae4b4. Elapsed time = 200.2047343 sec
2025-09-09T17:19:48.109Z INFO  - Waiting for response to warmup request for container api-alex-12345_2_ebeae4b4. Elapsed time = 220.7191987 sec
2025-09-09T17:19:55.785Z INFO  - Container api-alex-12345_2_ebeae4b4 for site api-alex-12345 initialized successfully and is ready to serve requests.
2025-09-09T17:30:59.154Z INFO  - Starting container for site
2025-09-09T17:30:59.165Z INFO  - docker run -d --expose=8000 --name api-alex-12345_3_1e55fd07 -e WEBSITE_USE_DIAGNOSTIC_SERVER=false -e WEBSITE_SITE_NAME=api-alex-12345 -e WEBSITE_AUTH_ENABLED=False -e WEBSITE_ROLE_INSTANCE_ID=0 -e WEBSITE_HOSTNAME=api-alex-12345.azurewebsites.net -e WEBSITE_INSTANCE_ID=fca8f86e2aee5216a9504a5ef5a82caeab7a80b1093c88842a262c639a933047 appsvc/python:3.12_20250723.2.tuxprod REDACTED
2025-09-09T17:30:59.166Z INFO  - Logging is not enabled for this container.
Please use https://aka.ms/linux-diagnostics to enable logging to see container logs here.
2025-09-09T17:31:04.850Z INFO  - Initiating warmup request to container api-alex-12345_3_1e55fd07_msiProxy for site api-alex-12345
2025-09-09T17:31:04.932Z INFO  - Container api-alex-12345_3_1e55fd07_msiProxy for site api-alex-12345 initialized successfully and is ready to serve requests.
2025-09-09T17:31:04.933Z INFO  - Initiating warmup request to container api-alex-12345_3_1e55fd07 for site api-alex-12345
2025-09-09T17:31:24.132Z INFO  - Waiting for response to warmup request for container api-alex-12345_3_1e55fd07. Elapsed time = 19.2822667 sec
2025-09-09T17:31:42.979Z INFO  - Waiting for response to warmup request for container api-alex-12345_3_1e55fd07. Elapsed time = 38.12947 sec
2025-09-09T17:32:03.538Z INFO  - Waiting for response to warmup request for container api-alex-12345_3_1e55fd07. Elapsed time = 58.6889807 sec
2025-09-09T17:32:23.853Z INFO  - Waiting for response to warmup request for container api-alex-12345_3_1e55fd07. Elapsed time = 79.0037425 sec
2025-09-09T17:32:42.497Z INFO  - Waiting for response to warmup request for container api-alex-12345_3_1e55fd07. Elapsed time = 97.6470856 sec
2025-09-09T17:33:05.207Z INFO  - Waiting for response to warmup request for container api-alex-12345_3_1e55fd07. Elapsed time = 120.3573603 sec
2025-09-09T17:33:23.747Z INFO  - Waiting for response to warmup request for container api-alex-12345_3_1e55fd07. Elapsed time = 138.8978077 sec
2025-09-09T17:33:40.529Z INFO  - Waiting for response to warmup request for container api-alex-12345_3_1e55fd07. Elapsed time = 155.6799363 sec
2025-09-09T17:33:59.653Z INFO  - Waiting for response to warmup request for container api-alex-12345_3_1e55fd07. Elapsed time = 174.8038248 sec
2025-09-09T17:34:19.660Z INFO  - Waiting for response to warmup request for container api-alex-12345_3_1e55fd07. Elapsed time = 194.8104649 sec
2025-09-09T17:34:45.166Z INFO  - Waiting for response to warmup request for container api-alex-12345_3_1e55fd07. Elapsed time = 220.3167426 sec
2025-09-09T17:34:55.995Z ERROR - Container api-alex-12345_3_1e55fd07 for site api-alex-12345 did not start within expected time limit. Elapsed time = 231.137945 sec
2025-09-09T17:34:56.760Z ERROR - Container api-alex-12345_3_1e55fd07 didn't respond to HTTP pings on port: 8000. Failing site start. See container logs for debugging.
2025-09-09T17:38:54.857Z INFO  - Starting container for site
2025-09-09T17:38:54.867Z INFO  - docker run -d --expose=8000 --name api-alex-12345_0_3af2d136 -e WEBSITE_USE_DIAGNOSTIC_SERVER=false -e WEBSITE_SITE_NAME=api-alex-12345 -e WEBSITE_AUTH_ENABLED=False -e WEBSITE_ROLE_INSTANCE_ID=0 -e WEBSITE_HOSTNAME=api-alex-12345.azurewebsites.net -e WEBSITE_INSTANCE_ID=fca8f86e2aee5216a9504a5ef5a82caeab7a80b1093c88842a262c639a933047 appsvc/python:3.12_20250723.2.tuxprod REDACTED
2025-09-09T17:38:54.868Z INFO  - Logging is not enabled for this container.
Please use https://aka.ms/linux-diagnostics to enable logging to see container logs here.
2025-09-09T17:39:00.126Z INFO  - Initiating warmup request to container api-alex-12345_0_3af2d136_msiProxy for site api-alex-12345
2025-09-09T17:39:00.288Z INFO  - Container api-alex-12345_0_3af2d136_msiProxy for site api-alex-12345 initialized successfully and is ready to serve requests.
2025-09-09T17:39:00.288Z INFO  - Initiating warmup request to container api-alex-12345_0_3af2d136 for site api-alex-12345
2025-09-09T17:39:20.725Z INFO  - Waiting for response to warmup request for container api-alex-12345_0_3af2d136. Elapsed time = 20.6072329 sec
2025-09-09T17:39:27.084Z ERROR - Container api-alex-12345_0_3af2d136 for site api-alex-12345 is not running, failing site start
2025-09-09T17:39:27.154Z ERROR - Container api-alex-12345_0_3af2d136 didn't respond to HTTP pings on port: 8000. Failing site start. See container logs for debugging.
2025-09-09T17:39:27.334Z INFO  - Stopping site api-alex-12345 because it failed during startup.
2025-09-09T17:58:31.422Z INFO  - Starting container for site
2025-09-09T17:58:31.439Z INFO  - docker run -d --expose=8000 --name api-alex-12345_0_42752568 -e WEBSITE_USE_DIAGNOSTIC_SERVER=false -e WEBSITE_SITE_NAME=api-alex-12345 -e WEBSITE_AUTH_ENABLED=False -e WEBSITE_ROLE_INSTANCE_ID=0 -e WEBSITE_HOSTNAME=api-alex-12345.azurewebsites.net -e WEBSITE_INSTANCE_ID=fca8f86e2aee5216a9504a5ef5a82caeab7a80b1093c88842a262c639a933047 appsvc/python:3.12_20250723.2.tuxprod REDACTED
2025-09-09T17:58:31.440Z INFO  - Logging is not enabled for this container.
Please use https://aka.ms/linux-diagnostics to enable logging to see container logs here.
2025-09-09T17:58:37.345Z INFO  - Initiating warmup request to container api-alex-12345_0_42752568_msiProxy for site api-alex-12345
2025-09-09T17:58:37.514Z INFO  - Container api-alex-12345_0_42752568_msiProxy for site api-alex-12345 initialized successfully and is ready to serve requests.
2025-09-09T17:58:37.524Z INFO  - Initiating warmup request to container api-alex-12345_0_42752568 for site api-alex-12345
2025-09-09T17:58:56.039Z INFO  - Waiting for response to warmup request for container api-alex-12345_0_42752568. Elapsed time = 18.6946002 sec
2025-09-09T17:58:56.190Z ERROR - Container api-alex-12345_0_42752568 for site api-alex-12345 has exited, failing site start
2025-09-09T17:58:56.303Z ERROR - Container api-alex-12345_0_42752568 didn't respond to HTTP pings on port: 8000. Failing site start. See container logs for debugging.
2025-09-09T17:58:56.454Z INFO  - Stopping site api-alex-12345 because it failed during startup.
2025-09-09T18:08:52.459Z INFO  - Starting container for site
2025-09-09T18:08:52.468Z INFO  - docker run -d --expose=8000 --name api-alex-12345_0_19b31472 -e WEBSITE_USE_DIAGNOSTIC_SERVER=false -e WEBSITE_SITE_NAME=api-alex-12345 -e WEBSITE_AUTH_ENABLED=False -e WEBSITE_ROLE_INSTANCE_ID=0 -e WEBSITE_HOSTNAME=api-alex-12345.azurewebsites.net -e WEBSITE_INSTANCE_ID=fca8f86e2aee5216a9504a5ef5a82caeab7a80b1093c88842a262c639a933047 appsvc/python:3.12_20250723.2.tuxprod REDACTED
2025-09-09T18:08:52.469Z INFO  - Logging is not enabled for this container.
Please use https://aka.ms/linux-diagnostics to enable logging to see container logs here.
2025-09-09T18:08:55.449Z INFO  - Initiating warmup request to container api-alex-12345_0_19b31472_msiProxy for site api-alex-12345
2025-09-09T18:08:55.510Z INFO  - Container api-alex-12345_0_19b31472_msiProxy for site api-alex-12345 initialized successfully and is ready to serve requests.
2025-09-09T18:08:55.518Z INFO  - Initiating warmup request to container api-alex-12345_0_19b31472 for site api-alex-12345
2025-09-09T18:09:14.366Z INFO  - Waiting for response to warmup request for container api-alex-12345_0_19b31472. Elapsed time = 18.9170578 sec
2025-09-09T18:09:35.115Z INFO  - Waiting for response to warmup request for container api-alex-12345_0_19b31472. Elapsed time = 39.6665817 sec
2025-09-09T18:09:54.015Z INFO  - Waiting for response to warmup request for container api-alex-12345_0_19b31472. Elapsed time = 58.5665234 sec
2025-09-09T18:10:11.197Z INFO  - Waiting for response to warmup request for container api-alex-12345_0_19b31472. Elapsed time = 75.7479835 sec
2025-09-09T18:10:27.689Z INFO  - Waiting for response to warmup request for container api-alex-12345_0_19b31472. Elapsed time = 92.2402329 sec
2025-09-09T18:10:44.297Z INFO  - Waiting for response to warmup request for container api-alex-12345_0_19b31472. Elapsed time = 108.848783 sec
2025-09-09T18:10:45.369Z INFO  - Container api-alex-12345_0_19b31472 for site api-alex-12345 initialized successfully and is ready to serve requests.
2025-09-09T18:11:06.899Z INFO  - Pulling image: mcr.microsoft.com/appsvc/msitokenservice:stage5
2025-09-09T18:11:07.582Z INFO  - stage5 Pulling from appsvc/msitokenservice
2025-09-09T18:11:07.614Z INFO  -  Digest: sha256:15c4360552ca5d886db18e4eaa6a95993305c67dae381aa8505592cd7c45bd46
2025-09-09T18:11:07.615Z INFO  -  Status: Image is up to date for mcr.microsoft.com/appsvc/msitokenservice:stage5
2025-09-09T18:11:07.663Z INFO  - Pull Image successful, Time taken: 0 Seconds
2025-09-09T18:11:07.926Z INFO  - Starting container for site
2025-09-09T18:11:07.926Z INFO  - docker run -d --expose=8081 --name api-alex-12345_1_9e690aa3_msiProxy -e WEBSITE_ROLE_INSTANCE_ID=0 -e WEBSITE_HOSTNAME=api-alex-12345.azurewebsites.net -e WEBSITE_INSTANCE_ID=fca8f86e2aee5216a9504a5ef5a82caeab7a80b1093c88842a262c639a933047 mcr.microsoft.com/appsvc/msitokenservice:stage5 REDACTED
2025-09-09T18:11:07.926Z INFO  - Logging is not enabled for this container.
Please use https://aka.ms/linux-diagnostics to enable logging to see container logs here.
2025-09-09T18:17:54.160Z INFO  - Starting container for site
2025-09-09T18:17:54.169Z INFO  - docker run -d --expose=8000 --name api-alex-12345_0_4023add5 -e WEBSITE_USE_DIAGNOSTIC_SERVER=false -e WEBSITE_SITE_NAME=api-alex-12345 -e WEBSITE_AUTH_ENABLED=False -e WEBSITE_ROLE_INSTANCE_ID=0 -e WEBSITE_HOSTNAME=api-alex-12345.azurewebsites.net -e WEBSITE_INSTANCE_ID=fca8f86e2aee5216a9504a5ef5a82caeab7a80b1093c88842a262c639a933047 appsvc/python:3.12_20250723.2.tuxprod REDACTED
2025-09-09T18:17:54.170Z INFO  - Logging is not enabled for this container.
Please use https://aka.ms/linux-diagnostics to enable logging to see container logs here.
2025-09-09T18:18:06.672Z INFO  - Initiating warmup request to container api-alex-12345_0_4023add5_msiProxy for site api-alex-12345
2025-09-09T18:18:06.993Z INFO  - Container api-alex-12345_0_4023add5_msiProxy for site api-alex-12345 initialized successfully and is ready to serve requests.
2025-09-09T18:18:06.994Z INFO  - Initiating warmup request to container api-alex-12345_0_4023add5 for 2025-09-09T18:34:04.373Z INFO  - Pulling image: mcr.microsoft.com/appsvc/msitokenservice:stage5
2025-09-09T18:34:05.557Z INFO  - stage5 Pulling from appsvc/msitokenservice
2025-09-09T18:34:05.568Z INFO  -  Digest: sha256:15c4360552ca5d886db18e4eaa6a95993305c67dae381aa8505592cd7c45bd46
2025-09-09T18:34:05.568Z INFO  -  Status: Image is up to date for mcr.microsoft.com/appsvc/msitokenservice:stage5
2025-09-09T18:34:05.636Z INFO  - Pull Image successful, Time taken: 1 Seconds
2025-09-09T18:34:06.050Z INFO  - Starting container for site
2025-09-09T18:34:06.051Z INFO  - docker run -d --expose=8081 --name api-alex-12345_1_e5040544_msiProxy -e WEBSITE_ROLE_INSTANCE_ID=0 -e WEBSITE_HOSTNAME=api-alex-12345.azurewebsites.net -e WEBSITE_INSTANCE_ID=fca8f86e2aee5216a9504a5ef5a82caeab7a80b1093c88842a262c639a933047 mcr.microsoft.com/appsvc/msitokenservice:stage5 REDACTED
2025-09-09T18:34:06.051Z INFO  - Logging is not enabled for this container.
Please use https://aka.ms/linux-diagnostics to enable logging to see container logs2025-09-09T18:34:30.865Z INFO  - Starting container for site
2025-09-09T18:34:30.874Z INFO  - docker run -d --expose=8000 --name api-alex-12345_1_e5040544 -e WEBSITE_USE_DIAGNOSTIC_SERVER=false -e WEBSITE_SITE_NAME=api-alex-12345 -e WEBSITE_AUTH_ENABLED=False -e WEBSITE_ROLE_INSTANCE_ID=0 -e WEBSITE_HOSTNAME=api-alex-12345.azurewebsites.net -e WEBSITE_INSTANCE_ID=fca8f86e2aee5216a9504a5ef5a82caeab7a80b1093c88842a262c639a933047 appsvc/python:3.12_20250723.2.tuxprod REDACTED
2025-09-09T18:34:30.875Z INFO  - Logging is not enabled for this container.
Please use https://aka.ms/linux-diagnostics to enable logging to see container logs here.
2025-09-09T18:34:35.497Z INFO  - Initiating warmup request to container api-alex-12345_1_e5040544_msiProxy for site api-alex-12345
2025-09-09T18:34:35.647Z INFO  - Container api-alex-12345_1_e5040544_msiProxy for site api-alex-12345 initialized successfully and is ready to serve requests.
2025-09-09T18:34:35.650Z INFO  - Initiating warmup request to container api-alex-12345_1_e5040544 for site api-alex-12345
2025-09-09T18:34:53.401Z INFO  - Waiting for response to warmup request for container api-alex-12345_1_e5040544. Elapsed time = 17.90446 sec
2025-09-09T18:34:53.623Z ERROR - Container api-alex-12345_1_e5040544 for site api-alex-12345 has exited, failing site start
2025-09-09T18:34:53.826Z ERROR - Container api-alex-12345_1_e5040544 didn't respond to HTTP pings on port: 8000. Failing site start. See container logs for debugging.
2025-09-09T18:42:42.777Z INFO  - Starting container for site
2025-09-09T18:42:42.785Z INFO  - docker run -d --expose=8000 --name api-alex-12345_0_777ca309 -e WEBSITE_USE_DIAGNOSTIC_SERVER=false -e WEBSITE_SITE_NAME=api-alex-12345 -e WEBSITE_AUTH_ENABLED=False -e WEBSITE_ROLE_INSTANCE_ID=0 -e WEBSITE_HOSTNAME=api-alex-12345.azurewebsites.net -e WEBSITE_INSTANCE_ID=fca8f86e2aee5216a9504a5ef5a82caeab7a80b1093c88842a262c639a933047 appsvc/python:3.12_20250723.2.tuxprod REDACTED
2025-09-09T18:42:42.786Z INFO  - Logging is not enabled for this container.
Please use https://aka.ms/linux-diagnostics to enable logging to see container logs here.
2025-09-09T18:42:45.612Z INFO  - Initiating warmup request to container api-alex-12345_0_777ca309_msiProxy for site api-alex-12345
2025-09-09T18:42:45.684Z INFO  - Container api-alex-12345_0_777ca309_msiProxy for site api-alex-12345 initialized successfully and is ready to serve requests.
2025-09-09T18:42:45.711Z INFO  - Initiating warmup request to container api-alex-12345_0_777ca309 for 2025-09-09T19:02:07.414Z INFO  - Pulling image: mcr.microsoft.com/appsvc/msitokenservice:stage5
2025-09-09T19:02:07.750Z INFO  - stage5 Pulling from appsvc/msitokenservice
2025-09-09T19:02:07.765Z INFO  -  Digest: sha256:15c4360552ca5d886db18e4eaa6a95993305c67dae381aa8505592cd7c45bd46
2025-09-09T19:02:07.766Z INFO  -  Status: Image is up to date for mcr.microsoft.com/appsvc/msitokenservice:stage5
2025-09-09T19:02:07.777Z INFO  - Pull Image successful, Time taken: 0 Seconds
2025-09-09T19:02:10.408Z INFO  - Starting container for site
2025-09-09T19:02:10.409Z INFO  - docker run -d --expose=8081 --name api-alex-12345_1_03206def_msiProxy -e WEBSITE_ROLE_INSTANCE_ID=0 -e WEBSITE_HOSTNAME=api-alex-12345.azurewebsites.net -e WEBSITE_INSTA2025-09-09T19:02:42.324Z INFO  - Starting container for site
2025-09-09T19:02:42.342Z INFO  - docker run -d --expose=8000 --name api-alex-12345_1_03206def -e WEBSITE_USE_DIAGNOSTIC_SERVER=false -e WEBSITE_SITE_NAME=api-alex-12345 -e WEBSITE_AUTH_ENABLED=False -e WEBSITE_ROLE_INSTANCE_ID=0 -e WEBSITE_HOSTNAME=api-alex-12345.azurewebsites.net -e WEBSITE_INSTANCE_ID=fca8f86e2aee5216a9504a5ef5a82caeab7a80b1093c88842a262c639a933047 appsvc/python:3.12_20250723.2.tuxprod REDACTED
2025-09-09T19:02:42.343Z INFO  - Logging is not enabled for this container.
Please use https://aka.ms/linux-diagnostics to enable logging to see container logs here.
2025-09-09T19:02:47.353Z INFO  - Initiating warmup request to container api-alex-12345_1_03206def_msiProxy for site api-alex-12345
2025-09-09T19:02:47.454Z INFO  - Container api-alex-12345_1_03206def_msiProxy for site api-alex-12345 initialized successfully and is ready to serve requests.
2025-09-09T19:02:47.462Z INFO  - Initiating warmup request to container api-alex-12345_1_03206def for site api-alex-12345
2025-09-09T19:03:05.405Z INFO  - Waiting for response to warmup request for container api-alex-12345_1_03206def. Elapsed time = 18.0518702 sec
2025-09-09T19:03:28.079Z INFO  - Waiting for response to warmup request for container api-alex-12345_1_03206def. Elapsed time = 40.726086 sec
2025-09-09T19:03:49.764Z INFO  - Waiting for response to warmup request for container api-alex-12345_1_03206def. Elapsed time = 62.4117129 sec
2025-09-09T19:04:07.412Z INFO  - Waiting for response to warmup request for container api-alex-12345_1_03206def. Elapsed time = 80.0589314 sec
2025-09-09T19:04:26.317Z INFO  - Waiting for response to warmup request for container api-alex-12345_1_03206def. Elapsed time = 98.9639872 sec
2025-09-09T19:04:35.082Z INFO  - Container api-alex-12345_1_03206def for site api-alex-12345 initialized successfully and is ready to serve requests.
2025-09-09T19:05:05.743Z INFO  - Starting container for site
2025-09-09T19:05:05.745Z INFO  - docker run -d --expose=8000 --name api-alex-12345_2_1e962542 -e WEBSITE_USE_DIAGNOSTIC_SERVER=false -e WEBSITE_SITE_NAME=api-alex-12345 -e WEBSITE_AUTH_ENABLED=False -e WEBSITE_ROLE_INSTANCE_ID=0 -e WEBSITE_HOSTNAME=api-alex-12345.azurewebsites.net -e WEBSITE_INSTANCE_ID=fca8f86e2aee5216a9504a5ef5a82caeab7a80b1093c88842a262c639a933047 appsvc/python:3.12_20250723.2.tuxprod REDACTED
2025-09-09T19:05:05.745Z INFO  - Logging is not enabled for this container.
Please use https://aka.ms/linux-diagnostics to enable logging to see container logs here.
2025-09-09T19:05:08.753Z INFO  - Initiating warmup request to container api-alex-12345_2_1e962542_msiProxy for site api-alex-12345
2025-09-09T19:05:08.831Z INFO  - Container api-alex-12345_2_1e962542_msiProxy for site api-alex-12345 initialized successfully and is ready to serve requests.
2025-09-09T19:05:08.833Z INFO  - Initiating warmup request to container api-alex-12345_2_1e962542 for 2025-09-09T19:18:01.345Z INFO  - Pulling image: mcr.microsoft.com/appsvc/msitokenservice:stage5
2025-09-09T19:18:04.444Z INFO  - stage5 Pulling from appsvc/msitokenservice
2025-09-09T19:18:04.467Z INFO  -  Digest: sha256:15c4360552ca5d886db18e4eaa6a95993305c67dae381aa8505592cd7c45bd46
2025-09-09T19:18:04.476Z INFO  -  Status: Image is up to date for mcr.microsoft.com/appsvc/msitokenservice:stage5
2025-09-09T19:18:04.627Z INFO  - Pull Image successful, Time taken: 3 Seconds
2025-09-09T19:18:05.190Z INFO  - Starting container for site
2025-09-09T19:18:05.199Z INFO  - docker run -d --expose=8081 --name api-alex-12345_3_b3094057_msiProxy -e WEBSITE_ROLE_INSTANCE_ID=0 -e WEBSITE_HOSTNAME=api-alex-12345.azurewebsites.net -e WEBSITE_INSTANCE_ID=fca8f86e2aee5216a9504a5ef5a82caeab7a80b1093c88842a262c639a933047 mcr.microsoft.com/appsvc/msitokenservice:stage5 REDACTED
2025-09-09T19:12025-09-09T19:18:24.313Z INFO  - Starting container for site
2025-09-09T19:18:24.316Z INFO  - docker run -d --expose=8000 --name api-alex-12345_3_b30942025-09-09T19:44:55.677Z INFO  - Pulling image: mcr.microsoft.com/appsvc/msitokenservice:stage5
2025-09-09T19:44:56.586Z INFO  - stage5 Pulling from appsvc/msitokenservice
2025-09-09T19:44:56.601Z INFO  -  Digest: sha256:15c4360552ca5d886db18e4eaa6a95993305c67dae381aa8505592cd7c45bd46
2025-09-09T19:44:56.602Z INFO  -  Status: Image is up to date for mcr.microsoft.com/appsvc/msitokenservice:stage5
2025-09-09T19:44:56.616Z INFO  - Pull Image successful, Time taken: 0 Seconds
2025-09-09T19:44:56.757Z INFO  - Starting container for site
2025-09-09T19:44:56.758Z INFO  - docker run -d --expose=8081 --name api-alex-12345_4_019fb655_msiProxy -e WEBSITE_ROLE_INSTANCE_ID=0 -e WEBSITE_HOSTNAME=api-alex-12345.azurewebsites.net -e WEBSITE_INSTANCE_ID=fca8f86e2aee5216a9504a5ef5a82caeab7a80b1093c88842a262c639a933047 mcr.microsoft.com/appsvc/msitokenservice:stage5 REDACTED
2025-09-09T19:44:56.758Z INFO  - Logging is not enabled for this container.
Please use https://aka.ms/linux-diagnostics to enable logging to see container logs here.
2025-09-09T19:56:46.384Z INFO  - Pulling image: mcr.microsoft.com/appsvc/msitokenservice:stage5
2025-09-09T19:56:47.378Z INFO  - stage5 Pulling from appsvc/msitokenservice
2025-09-09T19:56:47.470Z INFO  -  Digest: sha256:15c4360552ca5d886db18e4eaa6a95993305c67dae381aa8505592cd7c45bd46
2025-09-09T19:56:47.480Z INFO  -  Status: Image is up to date for mcr.microsoft.com/appsvc/msitokenservice:stage5
2025-09-09T19:56:47.519Z INFO  - Pull Image successful, Time taken: 1 Seconds
2025-09-09T19:56:47.715Z INFO  - Starting container for site
2025-09-09T19:56:47.715Z INFO  - docker run -d --expose=8081 --name api-alex-12345_5_acc9b1b4_msiProxy -e WEBSITE_ROLE_INSTANCE_ID=0 -e WEBSITE_HOSTNAME=api-alex-12345.azurewebsites.net -e WEBSITE_INSTANCE_ID=fca8f86e2aee5216a9504a5ef5a82caeab7a80b1093c88842a262c639a933047 mcr.microsoft.com/appsvc/msitokenservice:stage5 REDACTED
2025-09-09T19:56:47.715Z INFO  - Logging is not enabled for this container.
Please use https://aka.ms/linux-diagnostics to enable logging to see container logs here.
2025-09-09T20:13:58.300Z INFO  - Pulling image: mcr.microsoft.com/appsvc/msitokenservice:stage5
2025-09-09T20:13:59.090Z INFO  - stage5 Pulling from appsvc/msitokenservice
2025-09-09T20:13:59.105Z INFO  -  Digest: sha256:15c4360552ca5d886db18e4eaa6a95993305c67dae381aa8505592cd7c45bd46
2025-09-09T20:13:59.106Z INFO  -  Status: Image is up to date for mcr.microsoft.com/appsvc/msitokenservice:stage5
2025-09-09T20:13:59.127Z INFO  - Pull Image successful, Time taken: 0 Seconds
2025-09-09T20:13:59.359Z INFO  - Starting container for site
2025-09-09T20:13:59.360Z INFO  - docker run -d --expose=8081 --name api-alex-12345_6_e433a10d_msiProxy -e WEBSITE_ROLE_INSTANCE_ID=0 -e WEBSITE_HOSTNAME=api-alex-12345.azurewebsites.net -e WEBSITE_INSTANCE_ID=fca8f86e2aee5216a9504a5ef5a82caeab7a80b1093c88842a262c639a933047 mcr.microsoft.com/appsvc/msitokenservice:stage5 REDACTED
2025-09-09T20:13:59.367Z INFO  - Logging is not enabled for this container.
Please use https://aka.ms/linux-diagnostics to enable logging to see container logs here.
2025-09-09T20:22:24.194Z INFO  - Pulling image: mcr.microsoft.com/appsvc/msitokenservice:stage5
2025-09-09T20:22:25.729Z INFO  - stage5 Pulling from appsvc/msitokenservice
2025-09-09T20:22:25.809Z INFO  -  Digest: sha256:15c4360552ca5d886db18e4eaa6a95993305c67dae381aa8505592cd7c45bd46
2025-09-09T20:22:25.809Z INFO  -  Status: Image is up to date for mcr.microsoft.com/appsvc/msitokenservice:stage5
2025-09-09T20:22:25.861Z INFO  - Pull Image successful, Time taken: 1 Seconds
2025-09-09T20:22:26.594Z INFO  - Starting container for site
2025-09-09T20:22:26.602Z INFO  - docker run -d --expose=8081 --name api-alex-12345_7_0da9fbcd_msiProxy -e WEBSITE_ROLE_INSTANCE_ID=0 -e WEBSITE_HOSTNAME=api-alex-12345.azurewebsites.net -e WEBSITE_INSTANCE_ID=fca8f86e2aee5216a9504a5ef5a82caeab7a80b1093c88842a262c639a933047 mcr.microsoft.com/appsvc/msitokenservice:stage5 REDACTED
2025-09-09T20:22:26.603Z INFO  - Logging is not enabled for this container.
Please use https://aka.ms/linux-diagnostics to enable logging to see container logs here.
2025-09-09T20:33:12.663Z INFO  - Pulling image: mcr.microsoft.com/appsvc/msitokenservice:stage5
2025-09-09T20:33:13.879Z INFO  - stage5 Pulling from appsvc/msitokenservice
2025-09-09T20:33:13.959Z INFO  -  Digest: sha256:15c4360552ca5d886db18e4eaa6a95993305c67dae381aa8505592cd7c45bd46
2025-09-09T20:33:13.977Z INFO  -  Status: Image is up to date for mcr.microsoft.com/appsvc/msitokenservice:stage5
2025-09-09T20:33:14.018Z INFO  - Pull Image successful, Time taken: 1 Seconds
2025-09-09T20:33:14.553Z INFO  - Starting container for site
2025-09-09T20:33:14.560Z INFO  - docker run -d --expose=8081 --name api-alex-12345_8_6229bca9_msiProxy -e WEBSITE_ROLE_INSTANCE_ID=0 -e WEBSITE_HOSTNAME=api-alex-12345.azurewebsites.net -e WEBSITE_INSTANCE_ID=fca8f86e2aee5216a9504a5ef5a82caeab7a80b1093c88842a262c639a933047 mcr.microsoft.com/appsvc/msitokenservice:stage5 REDACTED
2025-09-09T20:33:14.561Z INFO  - Logging is not enabled for this container.
Please use https://aka.ms/linux-diagnostics to enable logging to see container logs here.
025-09-09T19:57:49.540Z INFO  - Waiting for response to warmup request for container api-alex-12345_5_acc9b1b4. Elapsed time = 38.3831119 sec
2025-09-09T19:58:09.863Z INFO  - Waiting for response to warmup request for container api-alex-12345_5_acc9b1b4. Elapsed time = 58.7065923 sec
2025-09-09T19:58:26.800Z INFO  - Waiting for response to warmup request for container api-alex-12345_5_acc9b1b4. Elapsed time = 75.6434098 sec
2025-09-09T19:58:40.842Z INFO  - Container api-alex-12345_5_acc9b1b4 for site api-alex-12345 initialized successfully and is ready to serve requests.
2025-09-09T20:14:17.851Z INFO  - Starting container for site
2025-09-09T20:14:17.853Z INFO  - docker run -d --expose=8000 --name api-alex-12345_6_e433a10d -e WEBSITE_USE_DIAGNOSTIC_SERVER=false -e WEBSITE_SITE_NAME=api-alex-12345 -e WEBSITE_AUTH_ENABLED=False -e WEBSITE_ROLE_INSTANCE_ID=0 -e WEBSITE_HOSTNAME=api-alex-12345.azurewebsites.net -e WEBSITE_INSTANCE_ID=fca8f86e2aee5216a9504a5ef5a82caeab7a80b1093c88842a262c639a933047 appsvc/python:3.12_20250723.2.tuxprod REDACTED
2025-09-09T20:14:17.853Z INFO  - Logging is not enabled for this container.
Please use https://aka.ms/linux-diagnostics to enable logging to see container logs here.
2025-09-09T20:14:20.719Z INFO  - Initiating warmup request to container api-alex-12345_6_e433a10d_msiProxy for site api-alex-12345
2025-09-09T20:14:20.788Z INFO  - Container api-alex-12345_6_e433a10d_msiProxy for site api-alex-12345 initialized successfully and is ready to serve requests.
2025-09-09T20:14:20.796Z INFO  - Initiating warmup request to container api-alex-12345_6_e433a10d for site api-alex-12345
2025-09-09T20:14:38.747Z INFO  - Waiting for response to warmup request for container api-alex-12345_6_e433a10d. Elapsed time = 18.0283794 sec
2025-09-09T20:14:56.303Z INFO  - Waiting for response to warmup request for container api-alex-12345_6_e433a10d. Elapsed time = 35.5840455 sec
2025-09-09T20:15:12.892Z INFO  - Waiting for response to warmup request for container api-alex-12345_6_e433a10d. Elapsed time = 52.1732666 sec
2025-09-09T20:15:26.705Z INFO  - Container api-alex-12345_6_e433a10d for site api-alex-12345 initialized successfully and is ready to serve requests.
2025-09-09T20:22:57.302Z INFO  - Starting container for site
2025-09-09T20:22:57.307Z INFO  - docker run -d --expose=8000 --name api-alex-12345_7_0da9fbcd -e WEBSITE_USE_DIAGNOSTIC_SERVER=false -e WEBSITE_SITE_NAME=api-alex-12345 -e WEBSITE_AUTH_ENABLED=False -e WEBSITE_ROLE_INSTANCE_ID=0 -e WEBSITE_HOSTNAME=api-alex-12345.azurewebsites.net -e WEBSITE_INSTANCE_ID=fca8f86e2aee5216a9504a5ef5a82caeab7a80b1093c88842a262c639a933047 appsvc/python:3.12_20250723.2.tuxprod REDACTED
2025-09-09T20:22:57.308Z INFO  - Logging is not enabled for this container.
Please use https://aka.ms/linux-diagnostics to enable logging to see container logs here.
2025-09-09T20:23:00.703Z INFO  - Initiating warmup request to container api-alex-12345_7_0da9fbcd_msiProxy for site api-alex-12345
2025-09-09T20:23:00.745Z INFO  - Container api-alex-12345_7_0da9fbcd_msiProxy for site api-alex-12345 initialized successfully and is ready to serve requests.
2025-09-09T20:23:00.773Z INFO  - Initiating warmup request to container api-alex-12345_7_0da9fbcd for site api-alex-12345
2025-09-09T20:23:18.401Z INFO  - Waiting for response to warmup request for container api-alex-12345_7_0da9fbcd. Elapsed time = 17.6992541 sec
2025-09-09T20:23:35.343Z INFO  - Waiting for response to warmup request for container api-alex-12345_7_0da9fbcd. Elapsed time = 34.6407754 sec
2025-09-09T20:23:51.966Z INFO  - Waiting for response to warmup request for container api-alex-12345_7_0da9fbcd. Elapsed time = 51.264691 sec
2025-09-09T20:24:08.507Z INFO  - Waiting for response to warmup request for container api-alex-12345_7_0da9fbcd. Elapsed time = 67.8055526 sec
2025-09-09T20:24:08.518Z INFO  - Container api-alex-12345_7_0da9fbcd for site api-alex-12345 initialized successfully and is ready to serve requests.
2025-09-09T20:33:31.293Z INFO  - Starting container for site
2025-09-09T20:33:31.295Z INFO  - docker run -d --expose=8000 --name api-alex-12345_8_6229bca9 -e WEBSITE_USE_DIAGNOSTIC_SERVER=false -e WEBSITE_SITE_NAME=api-alex-12345 -e WEBSITE_AUTH_ENABLED=False -e WEBSITE_ROLE_INSTANCE_ID=0 -e WEBSITE_HOSTNAME=api-alex-12345.azurewebsites.net -e WEBSITE_INSTANCE_ID=fca8f86e2aee5216a9504a5ef5a82caeab7a80b1093c88842a262c639a933047 appsvc/python:3.12_20250723.2.tuxprod REDACTED
2025-09-09T20:33:31.296Z INFO  - Logging is not enabled for this container.
Please use https://aka.ms/linux-diagnostics to enable logging to see container logs here.
2025-09-09T20:33:34.480Z INFO  - Initiating warmup request to container api-alex-12345_8_6229bca9_msiProxy for site api-alex-12345
2025-09-09T20:33:34.559Z INFO  - Container api-alex-12345_8_6229bca9_msiProxy for site api-alex-12345 initialized successfully and is ready to serve requests.
2025-09-09T20:33:34.560Z INFO  - Initiating warmup request to container api-alex-12345_8_6229bca9 for site api-alex-12345
2025-09-09T20:33:51.059Z INFO  - Waiting for response to warmup request for container api-alex-12345_8_6229bca9. Elapsed time = 16.5796062 sec
2025-09-09T20:34:10.144Z INFO  - Waiting for response to warmup request for container api-alex-12345_8_6229bca9. Elapsed time = 35.6642993 sec
2025-09-09T20:34:26.482Z INFO  - Waiting for response to warmup request for container api-alex-12345_8_6229bca9. Elapsed time = 52.0025965 sec
2025-09-09T20:34:39.000Z INFO  - Container api-alex-12345_8_6229bca9 for site api-alex-12345 initialized successfully and is ready to serve requests.
