2025-09-21 03:15:18 +1200   66164 execution.flow     INFO     Start executing nodes in thread pool mode.
2025-09-21 03:15:18 +1200   66164 execution.flow     INFO     Start to run 6 nodes with concurrency level 16.
2025-09-21 03:15:18 +1200   66164 execution.flow     INFO     Executing node qa_controller. node run id: 6af0842a-8669-412e-a872-0562dea75d0e_qa_controller_0
2025-09-21 03:15:18 +1200   66164 execution.flow     INFO     Executing node embedding_generator. node run id: 6af0842a-8669-412e-a872-0562dea75d0e_embedding_generator_0
2025-09-21 03:15:18 +1200   66164 execution.flow     INFO     [qa_controller in line 0 (index starts from 0)] stdout> 当前问题数量: 0
2025-09-21 03:15:18 +1200   66164 execution.flow     INFO     [embedding_generator in line 0 (index starts from 0)] stdout> 生成embedding查询文本: business management education new zealand study...
2025-09-21 03:15:18 +1200   66164 execution.flow     INFO     [qa_controller in line 0 (index starts from 0)] stdout> 传入question_count: 2
2025-09-21 03:15:18 +1200   66164 execution.flow     INFO     [qa_controller in line 0 (index starts from 0)] stdout> 用户消息: Generate personalized study abroad report
2025-09-21 03:15:18 +1200   66164 execution.flow     INFO     [qa_controller in line 0 (index starts from 0)] stdout> 是否有CV: True
2025-09-21 03:15:18 +1200   66164 execution.flow     INFO     [qa_controller in line 0 (index starts from 0)] stdout> 问题收集完成，开始生成报告
2025-09-21 03:15:18 +1200   66164 execution.flow     INFO     Node qa_controller completes.
2025-09-21 03:15:18 +1200   66164 execution.flow     INFO     The node 'question_asker' will be bypassed because the activate condition is not met, i.e. '${qa_controller.output}' is not equal to 'ask_question'.
2025-09-21 03:15:18 +1200   66164 execution.flow     INFO     Bypassing node question_asker. node run id: 6af0842a-8669-412e-a872-0562dea75d0e_question_asker_0
2025-09-21 03:15:20 +1200   66164 execution.flow     INFO     [embedding_generator in line 0 (index starts from 0)] stdout> 生成embedding成功，维度: 3072
2025-09-21 03:15:20 +1200   66164 execution.flow     INFO     Node embedding_generator completes.
2025-09-21 03:15:20 +1200   66164 execution.flow     INFO     The node 'rag_matcher' will be executed because the activate condition is met, i.e. '${qa_controller.output}' is equal to 'generate_report'.
2025-09-21 03:15:20 +1200   66164 execution.flow     INFO     Executing node default_matcher. node run id: 6af0842a-8669-412e-a872-0562dea75d0e_default_matcher_0
2025-09-21 03:15:20 +1200   66164 execution.flow     INFO     [default_matcher in line 0 (index starts from 0)] stdout> 对话阶段，使用默认匹配器返回空结果
2025-09-21 03:15:20 +1200   66164 execution.flow     INFO     Executing node rag_matcher. node run id: 6af0842a-8669-412e-a872-0562dea75d0e_rag_matcher_0
2025-09-21 03:15:20 +1200   66164 execution.flow     INFO     Node default_matcher completes.
2025-09-21 03:15:20 +1200   66164 execution.flow     INFO     [rag_matcher in line 0 (index starts from 0)] stdout> 使用embedding匹配项目，向量维度: 3072
2025-09-21 03:15:20 +1200   66164 execution.flow     INFO     [rag_matcher in line 0 (index starts from 0)] stdout> 开始Azure Search向量搜索，向量维度: 3072
2025-09-21 03:15:20 +1200   66164 execution.flow     INFO     [rag_matcher in line 0 (index starts from 0)] stdout> 🔍 搜索方式: Azure Search 向量搜索 (Vector Search)
2025-09-21 03:15:20 +1200   66164 execution.flow     INFO     [rag_matcher in line 0 (index starts from 0)] stdout> ✅ Azure Search返回 3 个结果
2025-09-21 03:15:20 +1200   66164 execution.flow     INFO     [rag_matcher in line 0 (index starts from 0)] stdout> 📊 搜索方式: azure_vector_search
2025-09-21 03:15:20 +1200   66164 execution.flow     INFO     [rag_matcher in line 0 (index starts from 0)] stdout> ✅ Azure Search搜索成功，匹配到 3 个项目
2025-09-21 03:15:20 +1200   66164 execution.flow     INFO     [rag_matcher in line 0 (index starts from 0)] stdout> 🔍 搜索方式: azure_vector_search
2025-09-21 03:15:20 +1200   66164 execution.flow     INFO     Node rag_matcher completes.
2025-09-21 03:15:20 +1200   66164 execution.flow     INFO     The node 'report_generator' will be executed because the activate condition is met, i.e. '${qa_controller.output}' is equal to 'generate_report'.
2025-09-21 03:15:20 +1200   66164 execution.flow     INFO     Executing node report_generator. node run id: 6af0842a-8669-412e-a872-0562dea75d0e_report_generator_0
2025-09-21 03:15:21 +1200   66164 execution.flow     INFO     Node report_generator completes.
2025-09-21 03:15:21 +1200   66164 execution.flow     WARNING  The node referenced by output:'question_asker' is bypassed, which is not recommended.
